<?xml version="1.0" encoding="UTF-8"?>
<robot generator="Robot 7.3.2 (Python 3.11.0 on win32)" generated="2026-02-07T10:57:25.619646" rpa="false" schemaversion="5">
<suite id="s1" name="Inserir Cartao" source="C:\Users\gestor\Documents\GitHub\digitadorFatura\jobs\inserir_cartao.robot">
<test id="s1-t1" name="Abrir Página Robot Framework" line="207">
<kw name="abrir pagina">
<kw name="New Browser" owner="Browser">
<msg time="2026-02-07T10:57:27.320729" level="INFO">{"browser": "chromium", "headless": false, "chromiumSandbox": false, "devtools": false, "handleSIGHUP": true, "handleSIGINT": true, "handleSIGTERM": true, "slowMo": 0.0, "timeout": 30000.0, "tracesDir": "C:\\Users\\gestor\\Documents\\GitHub\\digitadorFatura\\browser\\traces\\temp\\3d267b11-96da-449c-8155-6968398189c6"}</msg>
<msg time="2026-02-07T10:57:27.839805" level="INFO">Starting Browser process C:\Users\gestor\Documents\GitHub\digitadorFatura\venv\Lib\site-packages\Browser\wrapper\index.js using at 127.0.0.1:52284</msg>
<msg time="2026-02-07T10:57:47.661506" level="INFO">Successfully created browser with options: {"browser":"chromium","headless":false,"chromiumSandbox":false,"devtools":false,"handleSIGHUP":true,"handleSIGINT":true,"handleSIGTERM":true,"slowMo":0,"timeout":30000,"tracesDir":"C:\\Users\\gestor\\Documents\\GitHub\\digitadorFatura\\browser\\traces\\temp\\3d267b11-96da-449c-8155-6968398189c6"}</msg>
<arg>chromium</arg>
<arg>headless=False</arg>
<tag>BrowserControl</tag>
<tag>Setter</tag>
<doc>Create a new playwright Browser with specified options.</doc>
<status status="PASS" start="2026-02-07T10:57:27.318338" elapsed="20.343168"/>
</kw>
<kw name="New Page" owner="Browser">
<msg time="2026-02-07T10:57:48.916454" level="INFO">Successfully initialized new page object and opened url: http://localhost:8081/</msg>
<msg time="2026-02-07T10:57:48.916454" level="INFO">No context was open. New context was automatically opened when this page is created.</msg>
<arg>${PAGE}</arg>
<tag>BrowserControl</tag>
<tag>Setter</tag>
<doc>Open a new Page.</doc>
<status status="PASS" start="2026-02-07T10:57:47.661506" elapsed="1.254948"/>
</kw>
<kw name="Wait For Elements State" owner="Browser">
<msg time="2026-02-07T10:57:49.021047" level="INFO">Waited for Element with selector xpath=/html/body/jhi-main/div[2]/div/jhi-home/div[2]/div/div/div/span[2] at state visible</msg>
<arg>xpath=/html/body/jhi-main/div[2]/div/jhi-home/div[2]/div/div/div/span[2]</arg>
<arg>visible</arg>
<arg>timeout=20s</arg>
<tag>PageContent</tag>
<tag>Wait</tag>
<doc>Waits for the element found by ``selector`` to satisfy state option.</doc>
<status status="PASS" start="2026-02-07T10:57:48.916454" elapsed="0.104593"/>
</kw>
<status status="PASS" start="2026-02-07T10:57:27.316326" elapsed="21.704721"/>
</kw>
<kw name="tela de login">
<kw name="Click" owner="Browser">
<msg time="2026-02-07T10:57:49.025098" level="INFO">Clicks the element 'xpath=/html/body/jhi-main/div[2]/div/jhi-home/div[2]/div/div/div/a'.</msg>
<arg>xpath=/html/body/jhi-main/div[2]/div/jhi-home/div[2]/div/div/div/a</arg>
<tag>PageContent</tag>
<tag>Setter</tag>
<doc>Simulates mouse click on the element found by ``selector``.</doc>
<status status="PASS" start="2026-02-07T10:57:49.023065" elapsed="0.104146"/>
</kw>
<kw name="Wait For Elements State" owner="Browser">
<msg time="2026-02-07T10:57:50.476709" level="INFO">Waited for Element with selector xpath=//*[@id="username"] at state visible</msg>
<arg>xpath=//*[@id="username"]</arg>
<arg>visible</arg>
<arg>timeout=20s</arg>
<tag>PageContent</tag>
<tag>Wait</tag>
<doc>Waits for the element found by ``selector`` to satisfy state option.</doc>
<status status="PASS" start="2026-02-07T10:57:49.127211" elapsed="1.349498"/>
</kw>
<status status="PASS" start="2026-02-07T10:57:49.023065" elapsed="1.453644"/>
</kw>
<kw name="fazer login">
<kw name="Set Browser Timeout" owner="Browser">
<arg>20 s</arg>
<tag>Config</tag>
<tag>Setter</tag>
<doc>Sets the timeout used by most input and getter keywords.</doc>
<status status="PASS" start="2026-02-07T10:57:50.476709" elapsed="0.000000"/>
</kw>
<kw name="Fill Text" owner="Browser">
<msg time="2026-02-07T10:57:50.487141" level="INFO">Fills the text 'chantal' in the given field.</msg>
<arg>xpath=//*[@id="username"]</arg>
<arg>chantal</arg>
<tag>PageContent</tag>
<tag>Setter</tag>
<doc>Clears and fills the given ``txt`` into the text field found by ``selector``.</doc>
<status status="PASS" start="2026-02-07T10:57:50.476709" elapsed="0.026982"/>
</kw>
<kw name="Fill Text" owner="Browser">
<msg time="2026-02-07T10:57:50.503691" level="INFO">Fills the text 'emdias@1911' in the given field.</msg>
<arg>xpath=//*[@id="password"]</arg>
<arg>emdias@1911</arg>
<tag>PageContent</tag>
<tag>Setter</tag>
<doc>Clears and fills the given ``txt`` into the text field found by ``selector``.</doc>
<status status="PASS" start="2026-02-07T10:57:50.503691" elapsed="0.024130"/>
</kw>
<kw name="Wait For Elements State" owner="Browser">
<msg time="2026-02-07T10:57:50.538820" level="INFO">Waited for Element with selector id=empresa at state attached</msg>
<arg>id=empresa</arg>
<arg>attached</arg>
<tag>PageContent</tag>
<tag>Wait</tag>
<doc>Waits for the element found by ``selector`` to satisfy state option.</doc>
<status status="PASS" start="2026-02-07T10:57:50.527821" elapsed="0.010999"/>
</kw>
<kw name="Wait For Elements State" owner="Browser">
<msg time="2026-02-07T10:57:50.546820" level="INFO">Waited for Element with selector id=empresa at state visible</msg>
<arg>id=empresa</arg>
<arg>visible</arg>
<tag>PageContent</tag>
<tag>Wait</tag>
<doc>Waits for the element found by ``selector`` to satisfy state option.</doc>
<status status="PASS" start="2026-02-07T10:57:50.538820" elapsed="0.008000"/>
</kw>
<kw name="Wait For Elements State" owner="Browser">
<msg time="2026-02-07T10:57:50.580439" level="INFO">Waited for Element with selector id=empresa at state enabled</msg>
<arg>id=empresa</arg>
<arg>enabled</arg>
<tag>PageContent</tag>
<tag>Wait</tag>
<doc>Waits for the element found by ``selector`` to satisfy state option.</doc>
<status status="PASS" start="2026-02-07T10:57:50.546820" elapsed="0.033619"/>
</kw>
<kw name="Select Options By" owner="Browser">
<msg time="2026-02-07T10:57:50.589592" level="INFO">Selects the option(s) Financas Pessoais Edney by attribute SelectAttribute.label from element xpath=//*[@id="empresa"].</msg>
<arg>xpath=//*[@id="empresa"]</arg>
<arg>Label</arg>
<arg>Financas Pessoais Edney</arg>
<tag>PageContent</tag>
<tag>Setter</tag>
<doc>Selects options from select element found by ``selector``.</doc>
<status status="PASS" start="2026-02-07T10:57:50.580439" elapsed="0.034447"/>
</kw>
<kw name="Click" owner="Browser">
<msg time="2026-02-07T10:57:50.614886" level="INFO">Clicks the element 'xpath=/html/body/jhi-main/div[2]/div/jhi-login/div/div/div/form/button'.</msg>
<arg>xpath=/html/body/jhi-main/div[2]/div/jhi-login/div/div/div/form/button</arg>
<tag>PageContent</tag>
<tag>Setter</tag>
<doc>Simulates mouse click on the element found by ``selector``.</doc>
<status status="PASS" start="2026-02-07T10:57:50.614886" elapsed="0.050088"/>
</kw>
<kw name="Wait For Elements State" owner="Browser">
<msg time="2026-02-07T10:57:50.988194" level="INFO">Waited for Element with selector xpath=/html/body/jhi-main/div[2]/div/jhi-home/div[1]/div/jhi-shortcuts/div/div/a[1] at state visible</msg>
<arg>xpath=/html/body/jhi-main/div[2]/div/jhi-home/div[1]/div/jhi-shortcuts/div/div/a[1]</arg>
<tag>PageContent</tag>
<tag>Wait</tag>
<doc>Waits for the element found by ``selector`` to satisfy state option.</doc>
<status status="PASS" start="2026-02-07T10:57:50.664974" elapsed="0.324212"/>
</kw>
<status status="PASS" start="2026-02-07T10:57:50.476709" elapsed="0.512477"/>
</kw>
<kw name="entrar tela compromissos">
<kw name="Click" owner="Browser">
<msg time="2026-02-07T10:57:51.015962" level="INFO">Clicks the element 'xpath=/html/body/jhi-main/div[2]/div/jhi-home/div[1]/div/jhi-shortcuts/div/div/a[4]'.</msg>
<arg>xpath=/html/body/jhi-main/div[2]/div/jhi-home/div[1]/div/jhi-shortcuts/div/div/a[4]</arg>
<tag>PageContent</tag>
<tag>Setter</tag>
<doc>Simulates mouse click on the element found by ``selector``.</doc>
<status status="PASS" start="2026-02-07T10:57:51.014961" elapsed="0.142262"/>
</kw>
<kw name="Wait For Elements State" owner="Browser">
<msg time="2026-02-07T10:57:51.407861" level="INFO">Waited for Element with selector xpath=//*[@id="page-heading"]/span[1] at state visible</msg>
<arg>xpath=//*[@id="page-heading"]/span[1]</arg>
<arg>visible</arg>
<arg>timeout=20s</arg>
<tag>PageContent</tag>
<tag>Wait</tag>
<doc>Waits for the element found by ``selector`` to satisfy state option.</doc>
<status status="PASS" start="2026-02-07T10:57:51.157223" elapsed="0.250638"/>
</kw>
<status status="PASS" start="2026-02-07T10:57:51.012616" elapsed="0.395245"/>
</kw>
<kw name="ler a planilha">
<kw name="Open Workbook" owner="RPA.Excel.Files">
<msg time="2026-02-07T10:57:51.568014" level="INFO">Opened workbook: &lt;RPA.Excel.Files.XlsxWorkbook object at 0x000002EB77C88A50&gt;</msg>
<arg>${arquivo}</arg>
<doc>Open an existing Excel workbook.</doc>
<status status="PASS" start="2026-02-07T10:57:51.412870" elapsed="0.157154"/>
</kw>
<kw name="Read Worksheet As Table" owner="RPA.Excel.Files">
<msg time="2026-02-07T10:57:51.616511" level="INFO">Created table: Table(columns=['Data', 'Descrição', 'Valor', 'Categoria', 'Cartão', 'CategoriaId'], rows=11)</msg>
<msg time="2026-02-07T10:57:51.616511" level="INFO">${dados} = Table(columns=['Data', 'Descrição', 'Valor', 'Categoria', 'Cartão', 'CategoriaId'], rows=11)</msg>
<var>${dados}</var>
<arg>header=True</arg>
<arg>name=${sheet_name}</arg>
<doc>Read the contents of a worksheet into a Table container. Allows
sorting/filtering/manipulating using the ``RPA.Tables`` library.</doc>
<status status="PASS" start="2026-02-07T10:57:51.570024" elapsed="0.046487"/>
</kw>
<kw name="Close Workbook" owner="RPA.Excel.Files">
<msg time="2026-02-07T10:57:51.629888" level="INFO">Closing workbook: &lt;RPA.Excel.Files.XlsxWorkbook object at 0x000002EB77C88A50&gt;</msg>
<doc>Close the active workbook.</doc>
<status status="PASS" start="2026-02-07T10:57:51.629888" elapsed="0.000000"/>
</kw>
<for flavor="IN">
<iter>
<kw name="Set Variable" owner="BuiltIn">
<msg time="2026-02-07T10:57:51.633914" level="INFO">${data} = 05/02/2026</msg>
<var>${data}</var>
<arg>${row['Data']}</arg>
<doc>Returns the given values which can then be assigned to a variables.</doc>
<status status="PASS" start="2026-02-07T10:57:51.633914" elapsed="0.000000"/>
</kw>
<kw name="Set Variable" owner="BuiltIn">
<msg time="2026-02-07T10:57:51.633914" level="INFO">${valor} = 4</msg>
<var>${valor}</var>
<arg>${row['Valor']}</arg>
<doc>Returns the given values which can then be assigned to a variables.</doc>
<status status="PASS" start="2026-02-07T10:57:51.633914" elapsed="0.000000"/>
</kw>
<kw name="Set Variable" owner="BuiltIn">
<msg time="2026-02-07T10:57:51.633914" level="INFO">${historia} = DEISE FERREIRA DE ABRE MA</msg>
<var>${historia}</var>
<arg>${row['Descrição']}</arg>
<doc>Returns the given values which can then be assigned to a variables.</doc>
<status status="PASS" start="2026-02-07T10:57:51.633914" elapsed="0.000000"/>
</kw>
<kw name="Set Variable" owner="BuiltIn">
<msg time="2026-02-07T10:57:51.640272" level="INFO">${cartao} = Casas Bahia </msg>
<var>${cartao}</var>
<arg>${row['Cartão']}</arg>
<doc>Returns the given values which can then be assigned to a variables.</doc>
<status status="PASS" start="2026-02-07T10:57:51.633914" elapsed="0.006358"/>
</kw>
<kw name="Get Regexp Matches" owner="String">
<msg time="2026-02-07T10:57:51.640272" level="INFO">${matches} = []</msg>
<var>${matches}</var>
<arg>${historia}</arg>
<arg>(\\d{1,2})/(\\d{1,2})</arg>
<doc>Returns a list of all non-overlapping matches in the given string.</doc>
<status status="PASS" start="2026-02-07T10:57:51.640272" elapsed="0.000000"/>
</kw>
<kw name="Get Length" owner="BuiltIn">
<msg time="2026-02-07T10:57:51.642287" level="INFO">Length is 0.</msg>
<msg time="2026-02-07T10:57:51.642287" level="INFO">${tamanho} = 0</msg>
<var>${tamanho}</var>
<arg>${matches}</arg>
<doc>Returns and logs the length of the given item as an integer.</doc>
<status status="PASS" start="2026-02-07T10:57:51.642287" elapsed="0.000000"/>
</kw>
<kw name="Strip String" owner="String">
<msg time="2026-02-07T10:57:51.644303" level="INFO">${cartao_normalizado} = Casas Bahia</msg>
<var>${cartao_normalizado}</var>
<arg>${cartao}</arg>
<doc>Remove leading and/or trailing whitespaces from the given string.</doc>
<status status="PASS" start="2026-02-07T10:57:51.642287" elapsed="0.002016"/>
</kw>
<if>
<branch type="IF" condition="'${cartao_normalizado}' == &quot;Carrefour Adriana&quot;">
<kw name="abrir relatorio carrefour adriana">
<status status="NOT RUN" start="2026-02-07T10:57:51.644303" elapsed="0.001952"/>
</kw>
<status status="NOT RUN" start="2026-02-07T10:57:51.644303" elapsed="0.001952"/>
</branch>
<branch type="ELSE IF" condition="'${cartao_normalizado}' == &quot;Elo Cetelen&quot;">
<kw name="abrir relatorio elo">
<status status="NOT RUN" start="2026-02-07T10:57:51.648081" elapsed="0.001017"/>
</kw>
<status status="NOT RUN" start="2026-02-07T10:57:51.646255" elapsed="0.002843"/>
</branch>
<branch type="ELSE IF" condition="'${cartao_normalizado}' == &quot;Mercado Pago Adriana&quot;">
<kw name="abrir relatorio mercado pago adriana">
<status status="NOT RUN" start="2026-02-07T10:57:51.650225" elapsed="0.000000"/>
</kw>
<status status="NOT RUN" start="2026-02-07T10:57:51.649098" elapsed="0.001127"/>
</branch>
<branch type="ELSE IF" condition="'${cartao_normalizado}' == &quot;Mercado Pago&quot;">
<kw name="abrir relatorio mercado pago">
<status status="NOT RUN" start="2026-02-07T10:57:51.651249" elapsed="0.000000"/>
</kw>
<status status="NOT RUN" start="2026-02-07T10:57:51.651249" elapsed="0.000000"/>
</branch>
<branch type="ELSE IF" condition="'${cartao_normalizado}' == &quot;Rener Adriana&quot;">
<kw name="abrir relatorio renner adriana">
<status status="NOT RUN" start="2026-02-07T10:57:51.652241" elapsed="0.000000"/>
</kw>
<status status="NOT RUN" start="2026-02-07T10:57:51.652241" elapsed="0.000998"/>
</branch>
<branch type="ELSE IF" condition="'${cartao_normalizado}' == &quot;Itau Card&quot;">
<kw name="abrir relatorio itau">
<status status="NOT RUN" start="2026-02-07T10:57:51.653239" elapsed="0.001000"/>
</kw>
<status status="NOT RUN" start="2026-02-07T10:57:51.653239" elapsed="0.001000"/>
</branch>
<branch type="ELSE IF" condition="'${cartao_normalizado}' == &quot;Carrefour&quot;">
<kw name="abrir relatorio carrefour">
<status status="NOT RUN" start="2026-02-07T10:57:51.655237" elapsed="0.000000"/>
</kw>
<status status="NOT RUN" start="2026-02-07T10:57:51.654239" elapsed="0.000998"/>
</branch>
<branch type="ELSE IF" condition="'${cartao_normalizado}' == &quot;Casas Bahia&quot;">
<kw name="abrir relatorio casas bahia">
<kw name="Catenate" owner="BuiltIn">
<msg time="2026-02-07T10:57:51.657235" level="INFO">${url} = http://localhost:8081/commitment/person/24351/P</msg>
<var>${url}</var>
<arg>${PAGE}commitment/person/24351/P</arg>
<doc>Catenates the given items together and returns the resulted string.</doc>
<status status="PASS" start="2026-02-07T10:57:51.657235" elapsed="0.000000"/>
</kw>
<kw name="Go To" owner="Browser">
<msg time="2026-02-07T10:57:52.571497" level="INFO">Successfully opened URL http://localhost:8081/commitment/person/24351/P</msg>
<arg>${url}</arg>
<tag>BrowserControl</tag>
<tag>Setter</tag>
<doc>Navigates to the given ``url``.</doc>
<status status="PASS" start="2026-02-07T10:57:51.658235" elapsed="0.913262"/>
</kw>
<kw name="Wait For Elements State" owner="Browser">
<msg time="2026-02-07T10:57:52.761243" level="INFO">Waited for Element with selector xpath=//*[@id="page-heading"]/span[contains(text(), "Compromissos a Pagar- cartao casa bahia ")] at state visible</msg>
<arg>xpath=//*[@id="page-heading"]/span[contains(text(), "Compromissos a Pagar- cartao casa bahia ")]</arg>
<arg>visible</arg>
<arg>timeout=20s</arg>
<tag>PageContent</tag>
<tag>Wait</tag>
<doc>Waits for the element found by ``selector`` to satisfy state option.</doc>
<status status="PASS" start="2026-02-07T10:57:52.572501" elapsed="0.188742"/>
</kw>
<status status="PASS" start="2026-02-07T10:57:51.656238" elapsed="1.106003"/>
</kw>
<status status="PASS" start="2026-02-07T10:57:51.655237" elapsed="1.107004"/>
</branch>
<branch type="ELSE IF" condition="'${cartao_normalizado}' == &quot;Nubank Adriana&quot;">
<kw name="abrir relatorio nubank adriana">
<status status="NOT RUN" start="2026-02-07T10:57:52.763545" elapsed="0.000000"/>
</kw>
<status status="NOT RUN" start="2026-02-07T10:57:52.762241" elapsed="0.001304"/>
</branch>
<status status="PASS" start="2026-02-07T10:57:51.644303" elapsed="1.119242"/>
</if>
<kw name="abrir formulario">
<kw name="Click" owner="Browser">
<msg time="2026-02-07T10:57:52.763545" level="INFO">Clicks the element 'xpath=//*[@id="jh-create-entity"]'.</msg>
<arg>xpath=//*[@id="jh-create-entity"]</arg>
<tag>PageContent</tag>
<tag>Setter</tag>
<doc>Simulates mouse click on the element found by ``selector``.</doc>
<status status="PASS" start="2026-02-07T10:57:52.763545" elapsed="0.089772"/>
</kw>
<kw name="Wait For Elements State" owner="Browser">
<msg time="2026-02-07T10:57:52.940412" level="INFO">Waited for Element with selector xpath=//*[@id="jhi-commitment-heading"][contains(text(), "Criar ou editar Compromisso")] at state visible</msg>
<arg>xpath=//*[@id="jhi-commitment-heading"][contains(text(), "Criar ou editar Compromisso")]</arg>
<arg>visible</arg>
<arg>timeout=20s</arg>
<tag>PageContent</tag>
<tag>Wait</tag>
<doc>Waits for the element found by ``selector`` to satisfy state option.</doc>
<status status="PASS" start="2026-02-07T10:57:52.853317" elapsed="0.087095"/>
</kw>
<status status="PASS" start="2026-02-07T10:57:52.763545" elapsed="0.178893"/>
</kw>
<if>
<branch type="IF" condition="${tamanho} == 0">
<kw name="Set Variable" owner="BuiltIn">
<msg time="2026-02-07T10:57:52.944460" level="INFO">${repeticao} = 0</msg>
<var>${repeticao}</var>
<arg>0</arg>
<doc>Returns the given values which can then be assigned to a variables.</doc>
<status status="PASS" start="2026-02-07T10:57:52.944460" elapsed="0.002017"/>
</kw>
<status status="PASS" start="2026-02-07T10:57:52.942438" elapsed="0.004039"/>
</branch>
<branch type="ELSE">
<kw name="Split String" owner="String">
<var>${partes}</var>
<arg>${matches[0]}</arg>
<arg>/</arg>
<doc>Splits the ``string`` using ``separator`` as a delimiter string.</doc>
<status status="NOT RUN" start="2026-02-07T10:57:52.947532" elapsed="0.000000"/>
</kw>
<kw name="Set Variable" owner="BuiltIn">
<var>${repeticao}</var>
<arg>${partes[1]}</arg>
<doc>Returns the given values which can then be assigned to a variables.</doc>
<status status="NOT RUN" start="2026-02-07T10:57:52.947532" elapsed="0.002020"/>
</kw>
<status status="NOT RUN" start="2026-02-07T10:57:52.946932" elapsed="0.002620"/>
</branch>
<status status="PASS" start="2026-02-07T10:57:52.942438" elapsed="0.007114"/>
</if>
<kw name="Set Variable" owner="BuiltIn">
<msg time="2026-02-07T10:57:52.953587" level="INFO">${categoria} = Refeição Trabalho</msg>
<var>${categoria}</var>
<arg>${row['Categoria']}</arg>
<doc>Returns the given values which can then be assigned to a variables.</doc>
<status status="PASS" start="2026-02-07T10:57:52.951570" elapsed="0.002017"/>
</kw>
<kw name="preencher formulario">
<kw name="Fill Text" owner="Browser">
<msg time="2026-02-07T10:57:52.955604" level="INFO">Fills the text '05/02/2026' in the given field.</msg>
<arg>xpath=//*[@id="field_dia"]</arg>
<arg>${data}</arg>
<tag>PageContent</tag>
<tag>Setter</tag>
<doc>Clears and fills the given ``txt`` into the text field found by ``selector``.</doc>
<status status="PASS" start="2026-02-07T10:57:52.955604" elapsed="0.037265"/>
</kw>
<kw name="Wait For Elements State" owner="Browser">
<msg time="2026-02-07T10:57:53.002007" level="INFO">Waited for Element with selector xpath=//*[@id="field_valor"] at state visible</msg>
<arg>xpath=//*[@id="field_valor"]</arg>
<arg>visible</arg>
<arg>timeout=10s</arg>
<tag>PageContent</tag>
<tag>Wait</tag>
<doc>Waits for the element found by ``selector`` to satisfy state option.</doc>
<status status="PASS" start="2026-02-07T10:57:52.992869" elapsed="0.009138"/>
</kw>
<kw name="Wait For Elements State" owner="Browser">
<msg time="2026-02-07T10:57:53.044933" level="INFO">Waited for Element with selector xpath=//*[@id="field_valor"] at state editable</msg>
<arg>xpath=//*[@id="field_valor"]</arg>
<arg>editable</arg>
<tag>PageContent</tag>
<tag>Wait</tag>
<doc>Waits for the element found by ``selector`` to satisfy state option.</doc>
<status status="PASS" start="2026-02-07T10:57:53.002007" elapsed="0.043930"/>
</kw>
<kw name="Clear Text" owner="Browser">
<arg>xpath=//*[@id="field_valor"]</arg>
<tag>PageContent</tag>
<tag>Setter</tag>
<doc>Clears the text field found by ``selector``.</doc>
<status status="PASS" start="2026-02-07T10:57:53.045937" elapsed="0.026731"/>
</kw>
<kw name="Convert To String" owner="BuiltIn">
<msg time="2026-02-07T10:57:53.072668" level="INFO">${texto} = 4</msg>
<var>${texto}</var>
<arg>${valor}</arg>
<doc>Converts the given item to a Unicode string.</doc>
<status status="PASS" start="2026-02-07T10:57:53.072668" elapsed="0.000000"/>
</kw>
<kw name="Replace String" owner="String">
<msg time="2026-02-07T10:57:53.077719" level="INFO">${novo_valor} = 4</msg>
<var>${novo_valor}</var>
<arg>${texto}</arg>
<arg>.</arg>
<arg>,</arg>
<doc>Replaces ``search_for`` in the given ``string`` with ``replace_with``.</doc>
<status status="PASS" start="2026-02-07T10:57:53.072668" elapsed="0.005051"/>
</kw>
<kw name="Fill Text" owner="Browser">
<msg time="2026-02-07T10:57:53.077719" level="INFO">Fills the text '4' in the given field.</msg>
<arg>xpath=//*[@id="field_valor"]</arg>
<arg>${texto}</arg>
<tag>PageContent</tag>
<tag>Setter</tag>
<doc>Clears and fills the given ``txt`` into the text field found by ``selector``.</doc>
<status status="PASS" start="2026-02-07T10:57:53.077719" elapsed="0.008821"/>
</kw>
<kw name="Press Keys" owner="Browser">
<arg>xpath=//*[@id="field_valor"]</arg>
<arg>Tab</arg>
<tag>PageContent</tag>
<tag>Setter</tag>
<doc>Types the given key combination into element found by ``selector``.</doc>
<status status="PASS" start="2026-02-07T10:57:53.096131" elapsed="0.019590"/>
</kw>
<kw name="Focus" owner="Browser">
<arg>xpath=//*[@id="field_valor"]</arg>
<tag>PageContent</tag>
<tag>Setter</tag>
<doc>Moves focus on to the element found by ``selector``.</doc>
<status status="PASS" start="2026-02-07T10:57:53.115721" elapsed="0.021145"/>
</kw>
<kw name="Fill Text" owner="Browser">
<msg time="2026-02-07T10:57:53.145147" level="INFO">Fills the text 'DEISE FERREIRA DE ABRE MA' in the given field.</msg>
<arg>xpath=//*[@id="field_historia"]</arg>
<arg>${historia}</arg>
<tag>PageContent</tag>
<tag>Setter</tag>
<doc>Clears and fills the given ``txt`` into the text field found by ``selector``.</doc>
<status status="PASS" start="2026-02-07T10:57:53.136866" elapsed="0.037571"/>
</kw>
<kw name="Fill Text" owner="Browser">
<msg time="2026-02-07T10:57:53.175883" level="INFO">Fills the text '0' in the given field.</msg>
<arg>xpath=//*[@id="field_nrepeat"]</arg>
<arg>${repeticao}</arg>
<tag>PageContent</tag>
<tag>Setter</tag>
<doc>Clears and fills the given ``txt`` into the text field found by ``selector``.</doc>
<status status="PASS" start="2026-02-07T10:57:53.174437" elapsed="0.021598"/>
</kw>
<kw name="Wait For Elements State" owner="Browser">
<msg time="2026-02-07T10:57:53.209211" level="INFO">Waited for Element with selector xpath=//*[@id="field_natureplan"] at state attached</msg>
<arg>${XPATH_INPUT_CATEGORIA}</arg>
<arg>attached</arg>
<tag>PageContent</tag>
<tag>Wait</tag>
<doc>Waits for the element found by ``selector`` to satisfy state option.</doc>
<status status="PASS" start="2026-02-07T10:57:53.196035" elapsed="0.013176"/>
</kw>
<kw name="Wait For Elements State" owner="Browser">
<msg time="2026-02-07T10:57:53.215889" level="INFO">Waited for Element with selector xpath=//*[@id="field_natureplan"] at state visible</msg>
<arg>${XPATH_INPUT_CATEGORIA}</arg>
<arg>visible</arg>
<tag>PageContent</tag>
<tag>Wait</tag>
<doc>Waits for the element found by ``selector`` to satisfy state option.</doc>
<status status="PASS" start="2026-02-07T10:57:53.209211" elapsed="0.006678"/>
</kw>
<kw name="Wait For Elements State" owner="Browser">
<msg time="2026-02-07T10:57:53.237455" level="INFO">Waited for Element with selector xpath=//*[@id="field_natureplan"] at state enabled</msg>
<arg>${XPATH_INPUT_CATEGORIA}</arg>
<arg>enabled</arg>
<tag>PageContent</tag>
<tag>Wait</tag>
<doc>Waits for the element found by ``selector`` to satisfy state option.</doc>
<status status="PASS" start="2026-02-07T10:57:53.215889" elapsed="0.021566"/>
</kw>
<kw name="Select Options By" owner="Browser">
<msg time="2026-02-07T10:57:53.237455" level="INFO">Selects the option(s) Refeição Trabalho by attribute SelectAttribute.label from element xpath=//*[@id="field_natureplan"].</msg>
<arg>${XPATH_INPUT_CATEGORIA}</arg>
<arg>Label</arg>
<arg>${categoria}</arg>
<tag>PageContent</tag>
<tag>Setter</tag>
<doc>Selects options from select element found by ``selector``.</doc>
<status status="PASS" start="2026-02-07T10:57:53.237455" elapsed="0.041110"/>
</kw>
<kw name="Strip String" owner="String">
<msg time="2026-02-07T10:57:53.281733" level="INFO">${cartao_normalizado} = Casas Bahia</msg>
<var>${cartao_normalizado}</var>
<arg>${cartao}</arg>
<doc>Remove leading and/or trailing whitespaces from the given string.</doc>
<status status="PASS" start="2026-02-07T10:57:53.278565" elapsed="0.003168"/>
</kw>
<kw name="Click" owner="Browser">
<msg time="2026-02-07T10:57:53.281733" level="INFO">Clicks the element 'xpath=//*[@id="save-entity"]'.</msg>
<arg>xpath=//*[@id="save-entity"]</arg>
<tag>PageContent</tag>
<tag>Setter</tag>
<doc>Simulates mouse click on the element found by ``selector``.</doc>
<status status="PASS" start="2026-02-07T10:57:53.281733" elapsed="0.060377"/>
</kw>
<if>
<branch type="IF" condition="'${cartao_normalizado}' == &quot;Carrefour Adriana&quot;">
<kw name="espera relatorio carrefour adriana">
<status status="NOT RUN" start="2026-02-07T10:57:53.342110" elapsed="0.000000"/>
</kw>
<status status="NOT RUN" start="2026-02-07T10:57:53.342110" elapsed="0.000000"/>
</branch>
<branch type="ELSE IF" condition="'${cartao_normalizado}' == &quot;Elo Cetelen&quot;">
<kw name="espera relatorio elo">
<status status="NOT RUN" start="2026-02-07T10:57:53.342110" elapsed="0.000000"/>
</kw>
<status status="NOT RUN" start="2026-02-07T10:57:53.342110" elapsed="0.000000"/>
</branch>
<branch type="ELSE IF" condition="'${cartao_normalizado}' == &quot;Mercado Pago Adriana&quot;">
<kw name="espera relatorio mercado pago adriana">
<status status="NOT RUN" start="2026-02-07T10:57:53.342110" elapsed="0.000000"/>
</kw>
<status status="NOT RUN" start="2026-02-07T10:57:53.342110" elapsed="0.000000"/>
</branch>
<branch type="ELSE IF" condition="'${cartao_normalizado}' == &quot;Mercado Pago&quot;">
<kw name="espera relatorio mercado pago">
<status status="NOT RUN" start="2026-02-07T10:57:53.342110" elapsed="0.004960"/>
</kw>
<status status="NOT RUN" start="2026-02-07T10:57:53.342110" elapsed="0.004960"/>
</branch>
<branch type="ELSE IF" condition="'${cartao_normalizado}' == &quot;Rener Adriana&quot;">
<kw name="espera relatorio renner adriana">
<status status="NOT RUN" start="2026-02-07T10:57:53.349832" elapsed="0.000000"/>
</kw>
<status status="NOT RUN" start="2026-02-07T10:57:53.347780" elapsed="0.002052"/>
</branch>
<branch type="ELSE IF" condition="'${cartao_normalizado}' == &quot;Itau Card&quot;">
<kw name="espera relatorio itau">
<status status="NOT RUN" start="2026-02-07T10:57:53.351858" elapsed="0.000000"/>
</kw>
<status status="NOT RUN" start="2026-02-07T10:57:53.349832" elapsed="0.002026"/>
</branch>
<branch type="ELSE IF" condition="'${cartao_normalizado}' == &quot;Carrefour&quot;">
<kw name="espera relatorio carrefour">
<status status="NOT RUN" start="2026-02-07T10:57:53.353881" elapsed="0.000000"/>
</kw>
<status status="NOT RUN" start="2026-02-07T10:57:53.351858" elapsed="0.002023"/>
</branch>
<branch type="ELSE IF" condition="'${cartao_normalizado}' == &quot;Casas Bahia&quot;">
<kw name="espera relatorio casa bahia">
<kw name="Wait For Elements State" owner="Browser">
<msg time="2026-02-07T10:57:53.481335" level="INFO">Waited for Element with selector xpath=//*[@id="page-heading"]/span[contains(text(), "Compromissos a Pagar- cartao casa bahia ")] at state visible</msg>
<arg>xpath=//*[@id="page-heading"]/span[contains(text(), "Compromissos a Pagar- cartao casa bahia ")]</arg>
<arg>visible</arg>
<arg>timeout=20s</arg>
<tag>PageContent</tag>
<tag>Wait</tag>
<doc>Waits for the element found by ``selector`` to satisfy state option.</doc>
<status status="PASS" start="2026-02-07T10:57:53.355897" elapsed="0.125438"/>
</kw>
<status status="PASS" start="2026-02-07T10:57:53.353881" elapsed="0.127454"/>
</kw>
<status status="PASS" start="2026-02-07T10:57:53.353881" elapsed="0.127454"/>
</branch>
<branch type="ELSE IF" condition="'${cartao_normalizado}' == &quot;Nubank Adriana&quot;">
<kw name="espera relatorio nubank adriana">
<status status="NOT RUN" start="2026-02-07T10:57:53.483360" elapsed="0.000000"/>
</kw>
<status status="NOT RUN" start="2026-02-07T10:57:53.483360" elapsed="0.002011"/>
</branch>
<status status="PASS" start="2026-02-07T10:57:53.342110" elapsed="0.143261"/>
</if>
<arg>${data}</arg>
<arg>${valor}</arg>
<arg>${historia}</arg>
<arg>${repeticao}</arg>
<arg>${categoria}</arg>
<arg>${cartao}</arg>
<status status="PASS" start="2026-02-07T10:57:52.955604" elapsed="0.529767"/>
</kw>
<var name="${row}">{'Data': '05/02/2026', 'Descrição': 'DEISE FERREIRA DE ABRE MA', 'Valor': 4, 'Categoria': 'Refeição Trabalho', 'Cartão': 'Casas Bahia ', 'CategoriaId': None}</var>
<status status="PASS" start="2026-02-07T10:57:51.631903" elapsed="1.853468"/>
</iter>
<iter>
<kw name="Set Variable" owner="BuiltIn">
<msg time="2026-02-07T10:57:53.489547" level="INFO">${data} = 05/02/2026</msg>
<var>${data}</var>
<arg>${row['Data']}</arg>
<doc>Returns the given values which can then be assigned to a variables.</doc>
<status status="PASS" start="2026-02-07T10:57:53.487530" elapsed="0.002017"/>
</kw>
<kw name="Set Variable" owner="BuiltIn">
<msg time="2026-02-07T10:57:53.491560" level="INFO">${valor} = 34</msg>
<var>${valor}</var>
<arg>${row['Valor']}</arg>
<doc>Returns the given values which can then be assigned to a variables.</doc>
<status status="PASS" start="2026-02-07T10:57:53.489547" elapsed="0.002013"/>
</kw>
<kw name="Set Variable" owner="BuiltIn">
<msg time="2026-02-07T10:57:53.491560" level="INFO">${historia} = RESTAURANTE M - M P MA</msg>
<var>${historia}</var>
<arg>${row['Descrição']}</arg>
<doc>Returns the given values which can then be assigned to a variables.</doc>
<status status="PASS" start="2026-02-07T10:57:53.491560" elapsed="0.000000"/>
</kw>
<kw name="Set Variable" owner="BuiltIn">
<msg time="2026-02-07T10:57:53.491560" level="INFO">${cartao} = Casas Bahia </msg>
<var>${cartao}</var>
<arg>${row['Cartão']}</arg>
<doc>Returns the given values which can then be assigned to a variables.</doc>
<status status="PASS" start="2026-02-07T10:57:53.491560" elapsed="0.000000"/>
</kw>
<kw name="Get Regexp Matches" owner="String">
<msg time="2026-02-07T10:57:53.496529" level="INFO">${matches} = []</msg>
<var>${matches}</var>
<arg>${historia}</arg>
<arg>(\\d{1,2})/(\\d{1,2})</arg>
<doc>Returns a list of all non-overlapping matches in the given string.</doc>
<status status="PASS" start="2026-02-07T10:57:53.491560" elapsed="0.004969"/>
</kw>
<kw name="Get Length" owner="BuiltIn">
<msg time="2026-02-07T10:57:53.497759" level="INFO">Length is 0.</msg>
<msg time="2026-02-07T10:57:53.497759" level="INFO">${tamanho} = 0</msg>
<var>${tamanho}</var>
<arg>${matches}</arg>
<doc>Returns and logs the length of the given item as an integer.</doc>
<status status="PASS" start="2026-02-07T10:57:53.496529" elapsed="0.002234"/>
</kw>
<kw name="Strip String" owner="String">
<msg time="2026-02-07T10:57:53.500776" level="INFO">${cartao_normalizado} = Casas Bahia</msg>
<var>${cartao_normalizado}</var>
<arg>${cartao}</arg>
<doc>Remove leading and/or trailing whitespaces from the given string.</doc>
<status status="PASS" start="2026-02-07T10:57:53.498763" elapsed="0.002013"/>
</kw>
<if>
<branch type="IF" condition="'${cartao_normalizado}' == &quot;Carrefour Adriana&quot;">
<kw name="abrir relatorio carrefour adriana">
<status status="NOT RUN" start="2026-02-07T10:57:53.501756" elapsed="0.001007"/>
</kw>
<status status="NOT RUN" start="2026-02-07T10:57:53.500776" elapsed="0.001987"/>
</branch>
<branch type="ELSE IF" condition="'${cartao_normalizado}' == &quot;Elo Cetelen&quot;">
<kw name="abrir relatorio elo">
<status status="NOT RUN" start="2026-02-07T10:57:53.502763" elapsed="0.000995"/>
</kw>
<status status="NOT RUN" start="2026-02-07T10:57:53.502763" elapsed="0.000995"/>
</branch>
<branch type="ELSE IF" condition="'${cartao_normalizado}' == &quot;Mercado Pago Adriana&quot;">
<kw name="abrir relatorio mercado pago adriana">
<status status="NOT RUN" start="2026-02-07T10:57:53.504767" elapsed="0.000000"/>
</kw>
<status status="NOT RUN" start="2026-02-07T10:57:53.503758" elapsed="0.001009"/>
</branch>
<branch type="ELSE IF" condition="'${cartao_normalizado}' == &quot;Mercado Pago&quot;">
<kw name="abrir relatorio mercado pago">
<status status="NOT RUN" start="2026-02-07T10:57:53.505760" elapsed="0.000000"/>
</kw>
<status status="NOT RUN" start="2026-02-07T10:57:53.504767" elapsed="0.000993"/>
</branch>
<branch type="ELSE IF" condition="'${cartao_normalizado}' == &quot;Rener Adriana&quot;">
<kw name="abrir relatorio renner adriana">
<status status="NOT RUN" start="2026-02-07T10:57:53.506760" elapsed="0.000000"/>
</kw>
<status status="NOT RUN" start="2026-02-07T10:57:53.505760" elapsed="0.001000"/>
</branch>
<branch type="ELSE IF" condition="'${cartao_normalizado}' == &quot;Itau Card&quot;">
<kw name="abrir relatorio itau">
<status status="NOT RUN" start="2026-02-07T10:57:53.506760" elapsed="0.000998"/>
</kw>
<status status="NOT RUN" start="2026-02-07T10:57:53.506760" elapsed="0.000998"/>
</branch>
<branch type="ELSE IF" condition="'${cartao_normalizado}' == &quot;Carrefour&quot;">
<kw name="abrir relatorio carrefour">
<status status="NOT RUN" start="2026-02-07T10:57:53.507758" elapsed="0.000000"/>
</kw>
<status status="NOT RUN" start="2026-02-07T10:57:53.507758" elapsed="0.000000"/>
</branch>
<branch type="ELSE IF" condition="'${cartao_normalizado}' == &quot;Casas Bahia&quot;">
<kw name="abrir relatorio casas bahia">
<kw name="Catenate" owner="BuiltIn">
<msg time="2026-02-07T10:57:53.509763" level="INFO">${url} = http://localhost:8081/commitment/person/24351/P</msg>
<var>${url}</var>
<arg>${PAGE}commitment/person/24351/P</arg>
<doc>Catenates the given items together and returns the resulted string.</doc>
<status status="PASS" start="2026-02-07T10:57:53.508766" elapsed="0.000997"/>
</kw>
<kw name="Go To" owner="Browser">
<msg time="2026-02-07T10:57:53.644425" level="INFO">Successfully opened URL http://localhost:8081/commitment/person/24351/P</msg>
<arg>${url}</arg>
<tag>BrowserControl</tag>
<tag>Setter</tag>
<doc>Navigates to the given ``url``.</doc>
<status status="PASS" start="2026-02-07T10:57:53.509763" elapsed="0.134662"/>
</kw>
<kw name="Wait For Elements State" owner="Browser">
<msg time="2026-02-07T10:57:53.772459" level="INFO">Waited for Element with selector xpath=//*[@id="page-heading"]/span[contains(text(), "Compromissos a Pagar- cartao casa bahia ")] at state visible</msg>
<arg>xpath=//*[@id="page-heading"]/span[contains(text(), "Compromissos a Pagar- cartao casa bahia ")]</arg>
<arg>visible</arg>
<arg>timeout=20s</arg>
<tag>PageContent</tag>
<tag>Wait</tag>
<doc>Waits for the element found by ``selector`` to satisfy state option.</doc>
<status status="PASS" start="2026-02-07T10:57:53.644425" elapsed="0.128034"/>
</kw>
<status status="PASS" start="2026-02-07T10:57:53.508766" elapsed="0.263693"/>
</kw>
<status status="PASS" start="2026-02-07T10:57:53.507758" elapsed="0.264701"/>
</branch>
<branch type="ELSE IF" condition="'${cartao_normalizado}' == &quot;Nubank Adriana&quot;">
<kw name="abrir relatorio nubank adriana">
<status status="NOT RUN" start="2026-02-07T10:57:53.772459" elapsed="0.000000"/>
</kw>
<status status="NOT RUN" start="2026-02-07T10:57:53.772459" elapsed="0.000000"/>
</branch>
<status status="PASS" start="2026-02-07T10:57:53.500776" elapsed="0.271683"/>
</if>
<kw name="abrir formulario">
<kw name="Click" owner="Browser">
<msg time="2026-02-07T10:57:53.777175" level="INFO">Clicks the element 'xpath=//*[@id="jh-create-entity"]'.</msg>
<arg>xpath=//*[@id="jh-create-entity"]</arg>
<tag>PageContent</tag>
<tag>Setter</tag>
<doc>Simulates mouse click on the element found by ``selector``.</doc>
<status status="PASS" start="2026-02-07T10:57:53.772459" elapsed="0.065314"/>
</kw>
<kw name="Wait For Elements State" owner="Browser">
<msg time="2026-02-07T10:57:53.912494" level="INFO">Waited for Element with selector xpath=//*[@id="jhi-commitment-heading"][contains(text(), "Criar ou editar Compromisso")] at state visible</msg>
<arg>xpath=//*[@id="jhi-commitment-heading"][contains(text(), "Criar ou editar Compromisso")]</arg>
<arg>visible</arg>
<arg>timeout=20s</arg>
<tag>PageContent</tag>
<tag>Wait</tag>
<doc>Waits for the element found by ``selector`` to satisfy state option.</doc>
<status status="PASS" start="2026-02-07T10:57:53.837773" elapsed="0.076602"/>
</kw>
<status status="PASS" start="2026-02-07T10:57:53.772459" elapsed="0.141916"/>
</kw>
<if>
<branch type="IF" condition="${tamanho} == 0">
<kw name="Set Variable" owner="BuiltIn">
<msg time="2026-02-07T10:57:53.917212" level="INFO">${repeticao} = 0</msg>
<var>${repeticao}</var>
<arg>0</arg>
<doc>Returns the given values which can then be assigned to a variables.</doc>
<status status="PASS" start="2026-02-07T10:57:53.915193" elapsed="0.002019"/>
</kw>
<status status="PASS" start="2026-02-07T10:57:53.915193" elapsed="0.002019"/>
</branch>
<branch type="ELSE">
<kw name="Split String" owner="String">
<var>${partes}</var>
<arg>${matches[0]}</arg>
<arg>/</arg>
<doc>Splits the ``string`` using ``separator`` as a delimiter string.</doc>
<status status="NOT RUN" start="2026-02-07T10:57:53.917212" elapsed="0.000000"/>
</kw>
<kw name="Set Variable" owner="BuiltIn">
<var>${repeticao}</var>
<arg>${partes[1]}</arg>
<doc>Returns the given values which can then be assigned to a variables.</doc>
<status status="NOT RUN" start="2026-02-07T10:57:53.917212" elapsed="0.000000"/>
</kw>
<status status="NOT RUN" start="2026-02-07T10:57:53.917212" elapsed="0.002015"/>
</branch>
<status status="PASS" start="2026-02-07T10:57:53.915193" elapsed="0.004034"/>
</if>
<kw name="Set Variable" owner="BuiltIn">
<msg time="2026-02-07T10:57:53.919227" level="INFO">${categoria} = Refeição Trabalho</msg>
<var>${categoria}</var>
<arg>${row['Categoria']}</arg>
<doc>Returns the given values which can then be assigned to a variables.</doc>
<status status="PASS" start="2026-02-07T10:57:53.919227" elapsed="0.000000"/>
</kw>
<kw name="preencher formulario">
<kw name="Fill Text" owner="Browser">
<msg time="2026-02-07T10:57:53.923262" level="INFO">Fills the text '05/02/2026' in the given field.</msg>
<arg>xpath=//*[@id="field_dia"]</arg>
<arg>${data}</arg>
<tag>PageContent</tag>
<tag>Setter</tag>
<doc>Clears and fills the given ``txt`` into the text field found by ``selector``.</doc>
<status status="PASS" start="2026-02-07T10:57:53.923262" elapsed="0.028110"/>
</kw>
<kw name="Wait For Elements State" owner="Browser">
<msg time="2026-02-07T10:57:53.953423" level="INFO">Waited for Element with selector xpath=//*[@id="field_valor"] at state visible</msg>
<arg>xpath=//*[@id="field_valor"]</arg>
<arg>visible</arg>
<arg>timeout=10s</arg>
<tag>PageContent</tag>
<tag>Wait</tag>
<doc>Waits for the element found by ``selector`` to satisfy state option.</doc>
<status status="PASS" start="2026-02-07T10:57:53.951372" elapsed="0.011008"/>
</kw>
<kw name="Wait For Elements State" owner="Browser">
<msg time="2026-02-07T10:57:53.993009" level="INFO">Waited for Element with selector xpath=//*[@id="field_valor"] at state editable</msg>
<arg>xpath=//*[@id="field_valor"]</arg>
<arg>editable</arg>
<tag>PageContent</tag>
<tag>Wait</tag>
<doc>Waits for the element found by ``selector`` to satisfy state option.</doc>
<status status="PASS" start="2026-02-07T10:57:53.963165" elapsed="0.029844"/>
</kw>
<kw name="Clear Text" owner="Browser">
<arg>xpath=//*[@id="field_valor"]</arg>
<tag>PageContent</tag>
<tag>Setter</tag>
<doc>Clears the text field found by ``selector``.</doc>
<status status="PASS" start="2026-02-07T10:57:53.993009" elapsed="0.020659"/>
</kw>
<kw name="Convert To String" owner="BuiltIn">
<msg time="2026-02-07T10:57:54.015694" level="INFO">${texto} = 34</msg>
<var>${texto}</var>
<arg>${valor}</arg>
<doc>Converts the given item to a Unicode string.</doc>
<status status="PASS" start="2026-02-07T10:57:54.015694" elapsed="0.000000"/>
</kw>
<kw name="Replace String" owner="String">
<msg time="2026-02-07T10:57:54.015694" level="INFO">${novo_valor} = 34</msg>
<var>${novo_valor}</var>
<arg>${texto}</arg>
<arg>.</arg>
<arg>,</arg>
<doc>Replaces ``search_for`` in the given ``string`` with ``replace_with``.</doc>
<status status="PASS" start="2026-02-07T10:57:54.015694" elapsed="0.000000"/>
</kw>
<kw name="Fill Text" owner="Browser">
<msg time="2026-02-07T10:57:54.015694" level="INFO">Fills the text '34' in the given field.</msg>
<arg>xpath=//*[@id="field_valor"]</arg>
<arg>${texto}</arg>
<tag>PageContent</tag>
<tag>Setter</tag>
<doc>Clears and fills the given ``txt`` into the text field found by ``selector``.</doc>
<status status="PASS" start="2026-02-07T10:57:54.015694" elapsed="0.014841"/>
</kw>
<kw name="Press Keys" owner="Browser">
<arg>xpath=//*[@id="field_valor"]</arg>
<arg>Tab</arg>
<tag>PageContent</tag>
<tag>Setter</tag>
<doc>Types the given key combination into element found by ``selector``.</doc>
<status status="PASS" start="2026-02-07T10:57:54.035274" elapsed="0.016008"/>
</kw>
<kw name="Focus" owner="Browser">
<arg>xpath=//*[@id="field_valor"]</arg>
<tag>PageContent</tag>
<tag>Setter</tag>
<doc>Moves focus on to the element found by ``selector``.</doc>
<status status="PASS" start="2026-02-07T10:57:54.062293" elapsed="0.022324"/>
</kw>
<kw name="Fill Text" owner="Browser">
<msg time="2026-02-07T10:57:54.088764" level="INFO">Fills the text 'RESTAURANTE M - M P MA' in the given field.</msg>
<arg>xpath=//*[@id="field_historia"]</arg>
<arg>${historia}</arg>
<tag>PageContent</tag>
<tag>Setter</tag>
<doc>Clears and fills the given ``txt`` into the text field found by ``selector``.</doc>
<status status="PASS" start="2026-02-07T10:57:54.084617" elapsed="0.012509"/>
</kw>
<kw name="Fill Text" owner="Browser">
<msg time="2026-02-07T10:57:54.097126" level="INFO">Fills the text '0' in the given field.</msg>
<arg>xpath=//*[@id="field_nrepeat"]</arg>
<arg>${repeticao}</arg>
<tag>PageContent</tag>
<tag>Setter</tag>
<doc>Clears and fills the given ``txt`` into the text field found by ``selector``.</doc>
<status status="PASS" start="2026-02-07T10:57:54.097126" elapsed="0.038186"/>
</kw>
<kw name="Wait For Elements State" owner="Browser">
<msg time="2026-02-07T10:57:54.147124" level="INFO">Waited for Element with selector xpath=//*[@id="field_natureplan"] at state attached</msg>
<arg>${XPATH_INPUT_CATEGORIA}</arg>
<arg>attached</arg>
<tag>PageContent</tag>
<tag>Wait</tag>
<doc>Waits for the element found by ``selector`` to satisfy state option.</doc>
<status status="PASS" start="2026-02-07T10:57:54.137329" elapsed="0.009795"/>
</kw>
<kw name="Wait For Elements State" owner="Browser">
<msg time="2026-02-07T10:57:54.152414" level="INFO">Waited for Element with selector xpath=//*[@id="field_natureplan"] at state visible</msg>
<arg>${XPATH_INPUT_CATEGORIA}</arg>
<arg>visible</arg>
<tag>PageContent</tag>
<tag>Wait</tag>
<doc>Waits for the element found by ``selector`` to satisfy state option.</doc>
<status status="PASS" start="2026-02-07T10:57:54.147124" elapsed="0.005290"/>
</kw>
<kw name="Wait For Elements State" owner="Browser">
<msg time="2026-02-07T10:57:54.175039" level="INFO">Waited for Element with selector xpath=//*[@id="field_natureplan"] at state enabled</msg>
<arg>${XPATH_INPUT_CATEGORIA}</arg>
<arg>enabled</arg>
<tag>PageContent</tag>
<tag>Wait</tag>
<doc>Waits for the element found by ``selector`` to satisfy state option.</doc>
<status status="PASS" start="2026-02-07T10:57:54.152414" elapsed="0.022625"/>
</kw>
<kw name="Select Options By" owner="Browser">
<msg time="2026-02-07T10:57:54.175039" level="INFO">Selects the option(s) Refeição Trabalho by attribute SelectAttribute.label from element xpath=//*[@id="field_natureplan"].</msg>
<arg>${XPATH_INPUT_CATEGORIA}</arg>
<arg>Label</arg>
<arg>${categoria}</arg>
<tag>PageContent</tag>
<tag>Setter</tag>
<doc>Selects options from select element found by ``selector``.</doc>
<status status="PASS" start="2026-02-07T10:57:54.175039" elapsed="0.023883"/>
</kw>
<kw name="Strip String" owner="String">
<msg time="2026-02-07T10:57:54.198922" level="INFO">${cartao_normalizado} = Casas Bahia</msg>
<var>${cartao_normalizado}</var>
<arg>${cartao}</arg>
<doc>Remove leading and/or trailing whitespaces from the given string.</doc>
<status status="PASS" start="2026-02-07T10:57:54.198922" elapsed="0.000000"/>
</kw>
<kw name="Click" owner="Browser">
<msg time="2026-02-07T10:57:54.198922" level="INFO">Clicks the element 'xpath=//*[@id="save-entity"]'.</msg>
<arg>xpath=//*[@id="save-entity"]</arg>
<tag>PageContent</tag>
<tag>Setter</tag>
<doc>Simulates mouse click on the element found by ``selector``.</doc>
<status status="PASS" start="2026-02-07T10:57:54.198922" elapsed="0.053731"/>
</kw>
<if>
<branch type="IF" condition="'${cartao_normalizado}' == &quot;Carrefour Adriana&quot;">
<kw name="espera relatorio carrefour adriana">
<status status="NOT RUN" start="2026-02-07T10:57:54.252653" elapsed="0.000000"/>
</kw>
<status status="NOT RUN" start="2026-02-07T10:57:54.252653" elapsed="0.000000"/>
</branch>
<branch type="ELSE IF" condition="'${cartao_normalizado}' == &quot;Elo Cetelen&quot;">
<kw name="espera relatorio elo">
<status status="NOT RUN" start="2026-02-07T10:57:54.252653" elapsed="0.000000"/>
</kw>
<status status="NOT RUN" start="2026-02-07T10:57:54.252653" elapsed="0.000000"/>
</branch>
<branch type="ELSE IF" condition="'${cartao_normalizado}' == &quot;Mercado Pago Adriana&quot;">
<kw name="espera relatorio mercado pago adriana">
<status status="NOT RUN" start="2026-02-07T10:57:54.252653" elapsed="0.000000"/>
</kw>
<status status="NOT RUN" start="2026-02-07T10:57:54.252653" elapsed="0.000000"/>
</branch>
<branch type="ELSE IF" condition="'${cartao_normalizado}' == &quot;Mercado Pago&quot;">
<kw name="espera relatorio mercado pago">
<status status="NOT RUN" start="2026-02-07T10:57:54.252653" elapsed="0.000000"/>
</kw>
<status status="NOT RUN" start="2026-02-07T10:57:54.252653" elapsed="0.000000"/>
</branch>
<branch type="ELSE IF" condition="'${cartao_normalizado}' == &quot;Rener Adriana&quot;">
<kw name="espera relatorio renner adriana">
<status status="NOT RUN" start="2026-02-07T10:57:54.252653" elapsed="0.000000"/>
</kw>
<status status="NOT RUN" start="2026-02-07T10:57:54.252653" elapsed="0.000000"/>
</branch>
<branch type="ELSE IF" condition="'${cartao_normalizado}' == &quot;Itau Card&quot;">
<kw name="espera relatorio itau">
<status status="NOT RUN" start="2026-02-07T10:57:54.252653" elapsed="0.000000"/>
</kw>
<status status="NOT RUN" start="2026-02-07T10:57:54.252653" elapsed="0.010428"/>
</branch>
<branch type="ELSE IF" condition="'${cartao_normalizado}' == &quot;Carrefour&quot;">
<kw name="espera relatorio carrefour">
<status status="NOT RUN" start="2026-02-07T10:57:54.263983" elapsed="0.002015"/>
</kw>
<status status="NOT RUN" start="2026-02-07T10:57:54.263081" elapsed="0.002917"/>
</branch>
<branch type="ELSE IF" condition="'${cartao_normalizado}' == &quot;Casas Bahia&quot;">
<kw name="espera relatorio casa bahia">
<kw name="Wait For Elements State" owner="Browser">
<msg time="2026-02-07T10:57:54.342906" level="INFO">Waited for Element with selector xpath=//*[@id="page-heading"]/span[contains(text(), "Compromissos a Pagar- cartao casa bahia ")] at state visible</msg>
<arg>xpath=//*[@id="page-heading"]/span[contains(text(), "Compromissos a Pagar- cartao casa bahia ")]</arg>
<arg>visible</arg>
<arg>timeout=20s</arg>
<tag>PageContent</tag>
<tag>Wait</tag>
<doc>Waits for the element found by ``selector`` to satisfy state option.</doc>
<status status="PASS" start="2026-02-07T10:57:54.269041" elapsed="0.073865"/>
</kw>
<status status="PASS" start="2026-02-07T10:57:54.268020" elapsed="0.074886"/>
</kw>
<status status="PASS" start="2026-02-07T10:57:54.265998" elapsed="0.076908"/>
</branch>
<branch type="ELSE IF" condition="'${cartao_normalizado}' == &quot;Nubank Adriana&quot;">
<kw name="espera relatorio nubank adriana">
<status status="NOT RUN" start="2026-02-07T10:57:54.344908" elapsed="0.000340"/>
</kw>
<status status="NOT RUN" start="2026-02-07T10:57:54.343902" elapsed="0.001909"/>
</branch>
<status status="PASS" start="2026-02-07T10:57:54.252653" elapsed="0.093987"/>
</if>
<arg>${data}</arg>
<arg>${valor}</arg>
<arg>${historia}</arg>
<arg>${repeticao}</arg>
<arg>${categoria}</arg>
<arg>${cartao}</arg>
<status status="PASS" start="2026-02-07T10:57:53.921247" elapsed="0.425393"/>
</kw>
<var name="${row}">{'Data': '05/02/2026', 'Descrição': 'RESTAURANTE M - M P MA', 'Valor': 34, 'Categoria': 'Refeição Trabalho', 'Cartão': 'Casas Bahia ', 'CategoriaId': None}</var>
<status status="PASS" start="2026-02-07T10:57:53.487530" elapsed="0.859110"/>
</iter>
<iter>
<kw name="Set Variable" owner="BuiltIn">
<msg time="2026-02-07T10:57:54.351786" level="INFO">${data} = 05/02/2026</msg>
<var>${data}</var>
<arg>${row['Data']}</arg>
<doc>Returns the given values which can then be assigned to a variables.</doc>
<status status="PASS" start="2026-02-07T10:57:54.348740" elapsed="0.003046"/>
</kw>
<kw name="Set Variable" owner="BuiltIn">
<msg time="2026-02-07T10:57:54.353728" level="INFO">${valor} = 33.81</msg>
<var>${valor}</var>
<arg>${row['Valor']}</arg>
<doc>Returns the given values which can then be assigned to a variables.</doc>
<status status="PASS" start="2026-02-07T10:57:54.352730" elapsed="0.000998"/>
</kw>
<kw name="Set Variable" owner="BuiltIn">
<msg time="2026-02-07T10:57:54.355741" level="INFO">${historia} = SERVICO SOCIAL DA MA 1/4</msg>
<var>${historia}</var>
<arg>${row['Descrição']}</arg>
<doc>Returns the given values which can then be assigned to a variables.</doc>
<status status="PASS" start="2026-02-07T10:57:54.354745" elapsed="0.000996"/>
</kw>
<kw name="Set Variable" owner="BuiltIn">
<msg time="2026-02-07T10:57:54.358748" level="INFO">${cartao} = Casas Bahia </msg>
<var>${cartao}</var>
<arg>${row['Cartão']}</arg>
<doc>Returns the given values which can then be assigned to a variables.</doc>
<status status="PASS" start="2026-02-07T10:57:54.356747" elapsed="0.002001"/>
</kw>
<kw name="Get Regexp Matches" owner="String">
<msg time="2026-02-07T10:57:54.360110" level="INFO">${matches} = ['1/4']</msg>
<var>${matches}</var>
<arg>${historia}</arg>
<arg>(\\d{1,2})/(\\d{1,2})</arg>
<doc>Returns a list of all non-overlapping matches in the given string.</doc>
<status status="PASS" start="2026-02-07T10:57:54.358748" elapsed="0.001362"/>
</kw>
<kw name="Get Length" owner="BuiltIn">
<msg time="2026-02-07T10:57:54.362126" level="INFO">Length is 1.</msg>
<msg time="2026-02-07T10:57:54.362126" level="INFO">${tamanho} = 1</msg>
<var>${tamanho}</var>
<arg>${matches}</arg>
<doc>Returns and logs the length of the given item as an integer.</doc>
<status status="PASS" start="2026-02-07T10:57:54.360110" elapsed="0.002016"/>
</kw>
<kw name="Strip String" owner="String">
<msg time="2026-02-07T10:57:54.364103" level="INFO">${cartao_normalizado} = Casas Bahia</msg>
<var>${cartao_normalizado}</var>
<arg>${cartao}</arg>
<doc>Remove leading and/or trailing whitespaces from the given string.</doc>
<status status="PASS" start="2026-02-07T10:57:54.362126" elapsed="0.001977"/>
</kw>
<if>
<branch type="IF" condition="'${cartao_normalizado}' == &quot;Carrefour Adriana&quot;">
<kw name="abrir relatorio carrefour adriana">
<status status="NOT RUN" start="2026-02-07T10:57:54.366138" elapsed="0.000000"/>
</kw>
<status status="NOT RUN" start="2026-02-07T10:57:54.364103" elapsed="0.003006"/>
</branch>
<branch type="ELSE IF" condition="'${cartao_normalizado}' == &quot;Elo Cetelen&quot;">
<kw name="abrir relatorio elo">
<status status="NOT RUN" start="2026-02-07T10:57:54.367109" elapsed="0.000995"/>
</kw>
<status status="NOT RUN" start="2026-02-07T10:57:54.367109" elapsed="0.000995"/>
</branch>
<branch type="ELSE IF" condition="'${cartao_normalizado}' == &quot;Mercado Pago Adriana&quot;">
<kw name="abrir relatorio mercado pago adriana">
<status status="NOT RUN" start="2026-02-07T10:57:54.368104" elapsed="0.000999"/>
</kw>
<status status="NOT RUN" start="2026-02-07T10:57:54.368104" elapsed="0.000999"/>
</branch>
<branch type="ELSE IF" condition="'${cartao_normalizado}' == &quot;Mercado Pago&quot;">
<kw name="abrir relatorio mercado pago">
<status status="NOT RUN" start="2026-02-07T10:57:54.369618" elapsed="0.000000"/>
</kw>
<status status="NOT RUN" start="2026-02-07T10:57:54.369103" elapsed="0.000515"/>
</branch>
<branch type="ELSE IF" condition="'${cartao_normalizado}' == &quot;Rener Adriana&quot;">
<kw name="abrir relatorio renner adriana">
<status status="NOT RUN" start="2026-02-07T10:57:54.371651" elapsed="0.000000"/>
</kw>
<status status="NOT RUN" start="2026-02-07T10:57:54.369618" elapsed="0.002033"/>
</branch>
<branch type="ELSE IF" condition="'${cartao_normalizado}' == &quot;Itau Card&quot;">
<kw name="abrir relatorio itau">
<status status="NOT RUN" start="2026-02-07T10:57:54.372637" elapsed="0.000000"/>
</kw>
<status status="NOT RUN" start="2026-02-07T10:57:54.371651" elapsed="0.000986"/>
</branch>
<branch type="ELSE IF" condition="'${cartao_normalizado}' == &quot;Carrefour&quot;">
<kw name="abrir relatorio carrefour">
<status status="NOT RUN" start="2026-02-07T10:57:54.372637" elapsed="0.001000"/>
</kw>
<status status="NOT RUN" start="2026-02-07T10:57:54.372637" elapsed="0.001000"/>
</branch>
<branch type="ELSE IF" condition="'${cartao_normalizado}' == &quot;Casas Bahia&quot;">
<kw name="abrir relatorio casas bahia">
<kw name="Catenate" owner="BuiltIn">
<msg time="2026-02-07T10:57:54.374649" level="INFO">${url} = http://localhost:8081/commitment/person/24351/P</msg>
<var>${url}</var>
<arg>${PAGE}commitment/person/24351/P</arg>
<doc>Catenates the given items together and returns the resulted string.</doc>
<status status="PASS" start="2026-02-07T10:57:54.374649" elapsed="0.000000"/>
</kw>
<kw name="Go To" owner="Browser">
<msg time="2026-02-07T10:57:54.519935" level="INFO">Successfully opened URL http://localhost:8081/commitment/person/24351/P</msg>
<arg>${url}</arg>
<tag>BrowserControl</tag>
<tag>Setter</tag>
<doc>Navigates to the given ``url``.</doc>
<status status="PASS" start="2026-02-07T10:57:54.374649" elapsed="0.145286"/>
</kw>
<kw name="Wait For Elements State" owner="Browser">
<msg time="2026-02-07T10:57:54.664608" level="INFO">Waited for Element with selector xpath=//*[@id="page-heading"]/span[contains(text(), "Compromissos a Pagar- cartao casa bahia ")] at state visible</msg>
<arg>xpath=//*[@id="page-heading"]/span[contains(text(), "Compromissos a Pagar- cartao casa bahia ")]</arg>
<arg>visible</arg>
<arg>timeout=20s</arg>
<tag>PageContent</tag>
<tag>Wait</tag>
<doc>Waits for the element found by ``selector`` to satisfy state option.</doc>
<status status="PASS" start="2026-02-07T10:57:54.519935" elapsed="0.144673"/>
</kw>
<status status="PASS" start="2026-02-07T10:57:54.373637" elapsed="0.290971"/>
</kw>
<status status="PASS" start="2026-02-07T10:57:54.373637" elapsed="0.292093"/>
</branch>
<branch type="ELSE IF" condition="'${cartao_normalizado}' == &quot;Nubank Adriana&quot;">
<kw name="abrir relatorio nubank adriana">
<status status="NOT RUN" start="2026-02-07T10:57:54.665730" elapsed="0.001040"/>
</kw>
<status status="NOT RUN" start="2026-02-07T10:57:54.665730" elapsed="0.001040"/>
</branch>
<status status="PASS" start="2026-02-07T10:57:54.364103" elapsed="0.302667"/>
</if>
<kw name="abrir formulario">
<kw name="Click" owner="Browser">
<msg time="2026-02-07T10:57:54.670254" level="INFO">Clicks the element 'xpath=//*[@id="jh-create-entity"]'.</msg>
<arg>xpath=//*[@id="jh-create-entity"]</arg>
<tag>PageContent</tag>
<tag>Setter</tag>
<doc>Simulates mouse click on the element found by ``selector``.</doc>
<status status="PASS" start="2026-02-07T10:57:54.668735" elapsed="0.070169"/>
</kw>
<kw name="Wait For Elements State" owner="Browser">
<msg time="2026-02-07T10:57:54.794652" level="INFO">Waited for Element with selector xpath=//*[@id="jhi-commitment-heading"][contains(text(), "Criar ou editar Compromisso")] at state visible</msg>
<arg>xpath=//*[@id="jhi-commitment-heading"][contains(text(), "Criar ou editar Compromisso")]</arg>
<arg>visible</arg>
<arg>timeout=20s</arg>
<tag>PageContent</tag>
<tag>Wait</tag>
<doc>Waits for the element found by ``selector`` to satisfy state option.</doc>
<status status="PASS" start="2026-02-07T10:57:54.738904" elapsed="0.057546"/>
</kw>
<status status="PASS" start="2026-02-07T10:57:54.666770" elapsed="0.129680"/>
</kw>
<if>
<branch type="IF" condition="${tamanho} == 0">
<kw name="Set Variable" owner="BuiltIn">
<var>${repeticao}</var>
<arg>0</arg>
<doc>Returns the given values which can then be assigned to a variables.</doc>
<status status="NOT RUN" start="2026-02-07T10:57:54.797617" elapsed="0.000000"/>
</kw>
<status status="NOT RUN" start="2026-02-07T10:57:54.796450" elapsed="0.003364"/>
</branch>
<branch type="ELSE">
<kw name="Split String" owner="String">
<msg time="2026-02-07T10:57:54.805902" level="INFO">${partes} = ['1', '4']</msg>
<var>${partes}</var>
<arg>${matches[0]}</arg>
<arg>/</arg>
<doc>Splits the ``string`` using ``separator`` as a delimiter string.</doc>
<status status="PASS" start="2026-02-07T10:57:54.801835" elapsed="0.004067"/>
</kw>
<kw name="Set Variable" owner="BuiltIn">
<msg time="2026-02-07T10:57:54.805902" level="INFO">${repeticao} = 4</msg>
<var>${repeticao}</var>
<arg>${partes[1]}</arg>
<doc>Returns the given values which can then be assigned to a variables.</doc>
<status status="PASS" start="2026-02-07T10:57:54.805902" elapsed="0.000000"/>
</kw>
<status status="PASS" start="2026-02-07T10:57:54.799814" elapsed="0.006088"/>
</branch>
<status status="PASS" start="2026-02-07T10:57:54.796450" elapsed="0.009452"/>
</if>
<kw name="Set Variable" owner="BuiltIn">
<msg time="2026-02-07T10:57:54.805902" level="INFO">${categoria} = Despesas Médicas</msg>
<var>${categoria}</var>
<arg>${row['Categoria']}</arg>
<doc>Returns the given values which can then be assigned to a variables.</doc>
<status status="PASS" start="2026-02-07T10:57:54.805902" elapsed="0.000000"/>
</kw>
<kw name="preencher formulario">
<kw name="Fill Text" owner="Browser">
<msg time="2026-02-07T10:57:54.813674" level="INFO">Fills the text '05/02/2026' in the given field.</msg>
<arg>xpath=//*[@id="field_dia"]</arg>
<arg>${data}</arg>
<tag>PageContent</tag>
<tag>Setter</tag>
<doc>Clears and fills the given ``txt`` into the text field found by ``selector``.</doc>
<status status="PASS" start="2026-02-07T10:57:54.805902" elapsed="0.024139"/>
</kw>
<kw name="Wait For Elements State" owner="Browser">
<msg time="2026-02-07T10:57:54.830041" level="INFO">Waited for Element with selector xpath=//*[@id="field_valor"] at state visible</msg>
<arg>xpath=//*[@id="field_valor"]</arg>
<arg>visible</arg>
<arg>timeout=10s</arg>
<tag>PageContent</tag>
<tag>Wait</tag>
<doc>Waits for the element found by ``selector`` to satisfy state option.</doc>
<status status="PASS" start="2026-02-07T10:57:54.830041" elapsed="0.000000"/>
</kw>
<kw name="Wait For Elements State" owner="Browser">
<msg time="2026-02-07T10:57:54.870188" level="INFO">Waited for Element with selector xpath=//*[@id="field_valor"] at state editable</msg>
<arg>xpath=//*[@id="field_valor"]</arg>
<arg>editable</arg>
<tag>PageContent</tag>
<tag>Wait</tag>
<doc>Waits for the element found by ``selector`` to satisfy state option.</doc>
<status status="PASS" start="2026-02-07T10:57:54.844821" elapsed="0.025367"/>
</kw>
<kw name="Clear Text" owner="Browser">
<arg>xpath=//*[@id="field_valor"]</arg>
<tag>PageContent</tag>
<tag>Setter</tag>
<doc>Clears the text field found by ``selector``.</doc>
<status status="PASS" start="2026-02-07T10:57:54.870188" elapsed="0.009899"/>
</kw>
<kw name="Convert To String" owner="BuiltIn">
<msg time="2026-02-07T10:57:54.880087" level="INFO">${texto} = 33.81</msg>
<var>${texto}</var>
<arg>${valor}</arg>
<doc>Converts the given item to a Unicode string.</doc>
<status status="PASS" start="2026-02-07T10:57:54.880087" elapsed="0.000000"/>
</kw>
<kw name="Replace String" owner="String">
<msg time="2026-02-07T10:57:54.880087" level="INFO">${novo_valor} = 33,81</msg>
<var>${novo_valor}</var>
<arg>${texto}</arg>
<arg>.</arg>
<arg>,</arg>
<doc>Replaces ``search_for`` in the given ``string`` with ``replace_with``.</doc>
<status status="PASS" start="2026-02-07T10:57:54.880087" elapsed="0.000000"/>
</kw>
<kw name="Fill Text" owner="Browser">
<msg time="2026-02-07T10:57:54.891352" level="INFO">Fills the text '33.81' in the given field.</msg>
<arg>xpath=//*[@id="field_valor"]</arg>
<arg>${texto}</arg>
<tag>PageContent</tag>
<tag>Setter</tag>
<doc>Clears and fills the given ``txt`` into the text field found by ``selector``.</doc>
<status status="PASS" start="2026-02-07T10:57:54.880087" elapsed="0.016477"/>
</kw>
<kw name="Press Keys" owner="Browser">
<arg>xpath=//*[@id="field_valor"]</arg>
<arg>Tab</arg>
<tag>PageContent</tag>
<tag>Setter</tag>
<doc>Types the given key combination into element found by ``selector``.</doc>
<status status="PASS" start="2026-02-07T10:57:54.896564" elapsed="0.016797"/>
</kw>
<kw name="Focus" owner="Browser">
<arg>xpath=//*[@id="field_valor"]</arg>
<tag>PageContent</tag>
<tag>Setter</tag>
<doc>Moves focus on to the element found by ``selector``.</doc>
<status status="PASS" start="2026-02-07T10:57:54.928504" elapsed="0.001543"/>
</kw>
<kw name="Fill Text" owner="Browser">
<msg time="2026-02-07T10:57:54.945326" level="INFO">Fills the text 'SERVICO SOCIAL DA MA 1/4' in the given field.</msg>
<arg>xpath=//*[@id="field_historia"]</arg>
<arg>${historia}</arg>
<tag>PageContent</tag>
<tag>Setter</tag>
<doc>Clears and fills the given ``txt`` into the text field found by ``selector``.</doc>
<status status="PASS" start="2026-02-07T10:57:54.930047" elapsed="0.037695"/>
</kw>
<kw name="Fill Text" owner="Browser">
<msg time="2026-02-07T10:57:54.970360" level="INFO">Fills the text '4' in the given field.</msg>
<arg>xpath=//*[@id="field_nrepeat"]</arg>
<arg>${repeticao}</arg>
<tag>PageContent</tag>
<tag>Setter</tag>
<doc>Clears and fills the given ``txt`` into the text field found by ``selector``.</doc>
<status status="PASS" start="2026-02-07T10:57:54.968839" elapsed="0.011038"/>
</kw>
<kw name="Wait For Elements State" owner="Browser">
<msg time="2026-02-07T10:57:54.995371" level="INFO">Waited for Element with selector xpath=//*[@id="field_natureplan"] at state attached</msg>
<arg>${XPATH_INPUT_CATEGORIA}</arg>
<arg>attached</arg>
<tag>PageContent</tag>
<tag>Wait</tag>
<doc>Waits for the element found by ``selector`` to satisfy state option.</doc>
<status status="PASS" start="2026-02-07T10:57:54.979877" elapsed="0.016281"/>
</kw>
<kw name="Wait For Elements State" owner="Browser">
<msg time="2026-02-07T10:57:54.996720" level="INFO">Waited for Element with selector xpath=//*[@id="field_natureplan"] at state visible</msg>
<arg>${XPATH_INPUT_CATEGORIA}</arg>
<arg>visible</arg>
<tag>PageContent</tag>
<tag>Wait</tag>
<doc>Waits for the element found by ``selector`` to satisfy state option.</doc>
<status status="PASS" start="2026-02-07T10:57:54.996720" elapsed="0.000000"/>
</kw>
<kw name="Wait For Elements State" owner="Browser">
<msg time="2026-02-07T10:57:55.013271" level="INFO">Waited for Element with selector xpath=//*[@id="field_natureplan"] at state enabled</msg>
<arg>${XPATH_INPUT_CATEGORIA}</arg>
<arg>enabled</arg>
<tag>PageContent</tag>
<tag>Wait</tag>
<doc>Waits for the element found by ``selector`` to satisfy state option.</doc>
<status status="PASS" start="2026-02-07T10:57:54.996720" elapsed="0.016551"/>
</kw>
<kw name="Select Options By" owner="Browser">
<msg time="2026-02-07T10:57:55.013271" level="INFO">Selects the option(s) Despesas Médicas by attribute SelectAttribute.label from element xpath=//*[@id="field_natureplan"].</msg>
<arg>${XPATH_INPUT_CATEGORIA}</arg>
<arg>Label</arg>
<arg>${categoria}</arg>
<tag>PageContent</tag>
<tag>Setter</tag>
<doc>Selects options from select element found by ``selector``.</doc>
<status status="PASS" start="2026-02-07T10:57:55.013271" elapsed="0.018736"/>
</kw>
<kw name="Strip String" owner="String">
<msg time="2026-02-07T10:57:55.032007" level="INFO">${cartao_normalizado} = Casas Bahia</msg>
<var>${cartao_normalizado}</var>
<arg>${cartao}</arg>
<doc>Remove leading and/or trailing whitespaces from the given string.</doc>
<status status="PASS" start="2026-02-07T10:57:55.032007" elapsed="0.000000"/>
</kw>
<kw name="Click" owner="Browser">
<msg time="2026-02-07T10:57:55.045089" level="INFO">Clicks the element 'xpath=//*[@id="save-entity"]'.</msg>
<arg>xpath=//*[@id="save-entity"]</arg>
<tag>PageContent</tag>
<tag>Setter</tag>
<doc>Simulates mouse click on the element found by ``selector``.</doc>
<status status="PASS" start="2026-02-07T10:57:55.032007" elapsed="0.105193"/>
</kw>
<if>
<branch type="IF" condition="'${cartao_normalizado}' == &quot;Carrefour Adriana&quot;">
<kw name="espera relatorio carrefour adriana">
<status status="NOT RUN" start="2026-02-07T10:57:55.137200" elapsed="0.000000"/>
</kw>
<status status="NOT RUN" start="2026-02-07T10:57:55.137200" elapsed="0.000000"/>
</branch>
<branch type="ELSE IF" condition="'${cartao_normalizado}' == &quot;Elo Cetelen&quot;">
<kw name="espera relatorio elo">
<status status="NOT RUN" start="2026-02-07T10:57:55.137200" elapsed="0.000000"/>
</kw>
<status status="NOT RUN" start="2026-02-07T10:57:55.137200" elapsed="0.000000"/>
</branch>
<branch type="ELSE IF" condition="'${cartao_normalizado}' == &quot;Mercado Pago Adriana&quot;">
<kw name="espera relatorio mercado pago adriana">
<status status="NOT RUN" start="2026-02-07T10:57:55.137200" elapsed="0.000000"/>
</kw>
<status status="NOT RUN" start="2026-02-07T10:57:55.137200" elapsed="0.000000"/>
</branch>
<branch type="ELSE IF" condition="'${cartao_normalizado}' == &quot;Mercado Pago&quot;">
<kw name="espera relatorio mercado pago">
<status status="NOT RUN" start="2026-02-07T10:57:55.146132" elapsed="0.001025"/>
</kw>
<status status="NOT RUN" start="2026-02-07T10:57:55.137200" elapsed="0.009957"/>
</branch>
<branch type="ELSE IF" condition="'${cartao_normalizado}' == &quot;Rener Adriana&quot;">
<kw name="espera relatorio renner adriana">
<status status="NOT RUN" start="2026-02-07T10:57:55.149390" elapsed="0.000000"/>
</kw>
<status status="NOT RUN" start="2026-02-07T10:57:55.147157" elapsed="0.002233"/>
</branch>
<branch type="ELSE IF" condition="'${cartao_normalizado}' == &quot;Itau Card&quot;">
<kw name="espera relatorio itau">
<status status="NOT RUN" start="2026-02-07T10:57:55.149390" elapsed="0.000000"/>
</kw>
<status status="NOT RUN" start="2026-02-07T10:57:55.149390" elapsed="0.000000"/>
</branch>
<branch type="ELSE IF" condition="'${cartao_normalizado}' == &quot;Carrefour&quot;">
<kw name="espera relatorio carrefour">
<status status="NOT RUN" start="2026-02-07T10:57:55.149390" elapsed="0.000000"/>
</kw>
<status status="NOT RUN" start="2026-02-07T10:57:55.149390" elapsed="0.000000"/>
</branch>
<branch type="ELSE IF" condition="'${cartao_normalizado}' == &quot;Casas Bahia&quot;">
<kw name="espera relatorio casa bahia">
<kw name="Wait For Elements State" owner="Browser">
<msg time="2026-02-07T10:57:55.215377" level="INFO">Waited for Element with selector xpath=//*[@id="page-heading"]/span[contains(text(), "Compromissos a Pagar- cartao casa bahia ")] at state visible</msg>
<arg>xpath=//*[@id="page-heading"]/span[contains(text(), "Compromissos a Pagar- cartao casa bahia ")]</arg>
<arg>visible</arg>
<arg>timeout=20s</arg>
<tag>PageContent</tag>
<tag>Wait</tag>
<doc>Waits for the element found by ``selector`` to satisfy state option.</doc>
<status status="PASS" start="2026-02-07T10:57:55.156329" elapsed="0.059048"/>
</kw>
<status status="PASS" start="2026-02-07T10:57:55.149390" elapsed="0.065987"/>
</kw>
<status status="PASS" start="2026-02-07T10:57:55.149390" elapsed="0.066997"/>
</branch>
<branch type="ELSE IF" condition="'${cartao_normalizado}' == &quot;Nubank Adriana&quot;">
<kw name="espera relatorio nubank adriana">
<status status="NOT RUN" start="2026-02-07T10:57:55.218433" elapsed="0.000000"/>
</kw>
<status status="NOT RUN" start="2026-02-07T10:57:55.216387" elapsed="0.002046"/>
</branch>
<status status="PASS" start="2026-02-07T10:57:55.137200" elapsed="0.082180"/>
</if>
<arg>${data}</arg>
<arg>${valor}</arg>
<arg>${historia}</arg>
<arg>${repeticao}</arg>
<arg>${categoria}</arg>
<arg>${cartao}</arg>
<status status="PASS" start="2026-02-07T10:57:54.805902" elapsed="0.413478"/>
</kw>
<var name="${row}">{'Data': '05/02/2026', 'Descrição': 'SERVICO SOCIAL DA MA 1/4', 'Valor': 33.81, 'Categoria': 'Despesas Médicas', 'Cartão': 'Casas Bahia ', 'CategoriaId': None}</var>
<status status="PASS" start="2026-02-07T10:57:54.347733" elapsed="0.871647"/>
</iter>
<iter>
<kw name="Set Variable" owner="BuiltIn">
<msg time="2026-02-07T10:57:55.222783" level="INFO">${data} = 04/02/2026</msg>
<var>${data}</var>
<arg>${row['Data']}</arg>
<doc>Returns the given values which can then be assigned to a variables.</doc>
<status status="PASS" start="2026-02-07T10:57:55.221385" elapsed="0.001398"/>
</kw>
<kw name="Set Variable" owner="BuiltIn">
<msg time="2026-02-07T10:57:55.224632" level="INFO">${valor} = 36.97</msg>
<var>${valor}</var>
<arg>${row['Valor']}</arg>
<doc>Returns the given values which can then be assigned to a variables.</doc>
<status status="PASS" start="2026-02-07T10:57:55.223572" elapsed="0.001060"/>
</kw>
<kw name="Set Variable" owner="BuiltIn">
<msg time="2026-02-07T10:57:55.226414" level="INFO">${historia} = COMERCIAL DOUGLAS PRAI MA</msg>
<var>${historia}</var>
<arg>${row['Descrição']}</arg>
<doc>Returns the given values which can then be assigned to a variables.</doc>
<status status="PASS" start="2026-02-07T10:57:55.225623" elapsed="0.000791"/>
</kw>
<kw name="Set Variable" owner="BuiltIn">
<msg time="2026-02-07T10:57:55.228499" level="INFO">${cartao} = Casas Bahia </msg>
<var>${cartao}</var>
<arg>${row['Cartão']}</arg>
<doc>Returns the given values which can then be assigned to a variables.</doc>
<status status="PASS" start="2026-02-07T10:57:55.227503" elapsed="0.000996"/>
</kw>
<kw name="Get Regexp Matches" owner="String">
<msg time="2026-02-07T10:57:55.229503" level="INFO">${matches} = []</msg>
<var>${matches}</var>
<arg>${historia}</arg>
<arg>(\\d{1,2})/(\\d{1,2})</arg>
<doc>Returns a list of all non-overlapping matches in the given string.</doc>
<status status="PASS" start="2026-02-07T10:57:55.228499" elapsed="0.001004"/>
</kw>
<kw name="Get Length" owner="BuiltIn">
<msg time="2026-02-07T10:57:55.230509" level="INFO">Length is 0.</msg>
<msg time="2026-02-07T10:57:55.230509" level="INFO">${tamanho} = 0</msg>
<var>${tamanho}</var>
<arg>${matches}</arg>
<doc>Returns and logs the length of the given item as an integer.</doc>
<status status="PASS" start="2026-02-07T10:57:55.229503" elapsed="0.001006"/>
</kw>
<kw name="Strip String" owner="String">
<msg time="2026-02-07T10:57:55.232565" level="INFO">${cartao_normalizado} = Casas Bahia</msg>
<var>${cartao_normalizado}</var>
<arg>${cartao}</arg>
<doc>Remove leading and/or trailing whitespaces from the given string.</doc>
<status status="PASS" start="2026-02-07T10:57:55.230509" elapsed="0.002056"/>
</kw>
<if>
<branch type="IF" condition="'${cartao_normalizado}' == &quot;Carrefour Adriana&quot;">
<kw name="abrir relatorio carrefour adriana">
<status status="NOT RUN" start="2026-02-07T10:57:55.233539" elapsed="0.000965"/>
</kw>
<status status="NOT RUN" start="2026-02-07T10:57:55.233539" elapsed="0.000965"/>
</branch>
<branch type="ELSE IF" condition="'${cartao_normalizado}' == &quot;Elo Cetelen&quot;">
<kw name="abrir relatorio elo">
<status status="NOT RUN" start="2026-02-07T10:57:55.235505" elapsed="0.000000"/>
</kw>
<status status="NOT RUN" start="2026-02-07T10:57:55.234504" elapsed="0.001001"/>
</branch>
<branch type="ELSE IF" condition="'${cartao_normalizado}' == &quot;Mercado Pago Adriana&quot;">
<kw name="abrir relatorio mercado pago adriana">
<status status="NOT RUN" start="2026-02-07T10:57:55.235505" elapsed="0.000993"/>
</kw>
<status status="NOT RUN" start="2026-02-07T10:57:55.235505" elapsed="0.000993"/>
</branch>
<branch type="ELSE IF" condition="'${cartao_normalizado}' == &quot;Mercado Pago&quot;">
<kw name="abrir relatorio mercado pago">
<status status="NOT RUN" start="2026-02-07T10:57:55.236498" elapsed="0.001006"/>
</kw>
<status status="NOT RUN" start="2026-02-07T10:57:55.236498" elapsed="0.001006"/>
</branch>
<branch type="ELSE IF" condition="'${cartao_normalizado}' == &quot;Rener Adriana&quot;">
<kw name="abrir relatorio renner adriana">
<status status="NOT RUN" start="2026-02-07T10:57:55.237504" elapsed="0.000000"/>
</kw>
<status status="NOT RUN" start="2026-02-07T10:57:55.237504" elapsed="0.001006"/>
</branch>
<branch type="ELSE IF" condition="'${cartao_normalizado}' == &quot;Itau Card&quot;">
<kw name="abrir relatorio itau">
<status status="NOT RUN" start="2026-02-07T10:57:55.238510" elapsed="0.000995"/>
</kw>
<status status="NOT RUN" start="2026-02-07T10:57:55.238510" elapsed="0.000995"/>
</branch>
<branch type="ELSE IF" condition="'${cartao_normalizado}' == &quot;Carrefour&quot;">
<kw name="abrir relatorio carrefour">
<status status="NOT RUN" start="2026-02-07T10:57:55.239505" elapsed="0.000000"/>
</kw>
<status status="NOT RUN" start="2026-02-07T10:57:55.239505" elapsed="0.000000"/>
</branch>
<branch type="ELSE IF" condition="'${cartao_normalizado}' == &quot;Casas Bahia&quot;">
<kw name="abrir relatorio casas bahia">
<kw name="Catenate" owner="BuiltIn">
<msg time="2026-02-07T10:57:55.241499" level="INFO">${url} = http://localhost:8081/commitment/person/24351/P</msg>
<var>${url}</var>
<arg>${PAGE}commitment/person/24351/P</arg>
<doc>Catenates the given items together and returns the resulted string.</doc>
<status status="PASS" start="2026-02-07T10:57:55.241499" elapsed="0.000000"/>
</kw>
<kw name="Go To" owner="Browser">
<msg time="2026-02-07T10:57:55.385272" level="INFO">Successfully opened URL http://localhost:8081/commitment/person/24351/P</msg>
<arg>${url}</arg>
<tag>BrowserControl</tag>
<tag>Setter</tag>
<doc>Navigates to the given ``url``.</doc>
<status status="PASS" start="2026-02-07T10:57:55.241499" elapsed="0.144775"/>
</kw>
<kw name="Wait For Elements State" owner="Browser">
<msg time="2026-02-07T10:57:55.523305" level="INFO">Waited for Element with selector xpath=//*[@id="page-heading"]/span[contains(text(), "Compromissos a Pagar- cartao casa bahia ")] at state visible</msg>
<arg>xpath=//*[@id="page-heading"]/span[contains(text(), "Compromissos a Pagar- cartao casa bahia ")]</arg>
<arg>visible</arg>
<arg>timeout=20s</arg>
<tag>PageContent</tag>
<tag>Wait</tag>
<doc>Waits for the element found by ``selector`` to satisfy state option.</doc>
<status status="PASS" start="2026-02-07T10:57:55.386274" elapsed="0.137031"/>
</kw>
<status status="PASS" start="2026-02-07T10:57:55.240498" elapsed="0.282807"/>
</kw>
<status status="PASS" start="2026-02-07T10:57:55.240498" elapsed="0.285593"/>
</branch>
<branch type="ELSE IF" condition="'${cartao_normalizado}' == &quot;Nubank Adriana&quot;">
<kw name="abrir relatorio nubank adriana">
<status status="NOT RUN" start="2026-02-07T10:57:55.526091" elapsed="0.000000"/>
</kw>
<status status="NOT RUN" start="2026-02-07T10:57:55.526091" elapsed="0.000000"/>
</branch>
<status status="PASS" start="2026-02-07T10:57:55.233539" elapsed="0.292552"/>
</if>
<kw name="abrir formulario">
<kw name="Click" owner="Browser">
<msg time="2026-02-07T10:57:55.529263" level="INFO">Clicks the element 'xpath=//*[@id="jh-create-entity"]'.</msg>
<arg>xpath=//*[@id="jh-create-entity"]</arg>
<tag>PageContent</tag>
<tag>Setter</tag>
<doc>Simulates mouse click on the element found by ``selector``.</doc>
<status status="PASS" start="2026-02-07T10:57:55.526091" elapsed="0.086591"/>
</kw>
<kw name="Wait For Elements State" owner="Browser">
<msg time="2026-02-07T10:57:55.692712" level="INFO">Waited for Element with selector xpath=//*[@id="jhi-commitment-heading"][contains(text(), "Criar ou editar Compromisso")] at state visible</msg>
<arg>xpath=//*[@id="jhi-commitment-heading"][contains(text(), "Criar ou editar Compromisso")]</arg>
<arg>visible</arg>
<arg>timeout=20s</arg>
<tag>PageContent</tag>
<tag>Wait</tag>
<doc>Waits for the element found by ``selector`` to satisfy state option.</doc>
<status status="PASS" start="2026-02-07T10:57:55.612682" elapsed="0.080030"/>
</kw>
<status status="PASS" start="2026-02-07T10:57:55.526091" elapsed="0.167628"/>
</kw>
<if>
<branch type="IF" condition="${tamanho} == 0">
<kw name="Set Variable" owner="BuiltIn">
<msg time="2026-02-07T10:57:55.698059" level="INFO">${repeticao} = 0</msg>
<var>${repeticao}</var>
<arg>0</arg>
<doc>Returns the given values which can then be assigned to a variables.</doc>
<status status="PASS" start="2026-02-07T10:57:55.695722" elapsed="0.002337"/>
</kw>
<status status="PASS" start="2026-02-07T10:57:55.693719" elapsed="0.004983"/>
</branch>
<branch type="ELSE">
<kw name="Split String" owner="String">
<var>${partes}</var>
<arg>${matches[0]}</arg>
<arg>/</arg>
<doc>Splits the ``string`` using ``separator`` as a delimiter string.</doc>
<status status="NOT RUN" start="2026-02-07T10:57:55.698702" elapsed="0.002014"/>
</kw>
<kw name="Set Variable" owner="BuiltIn">
<var>${repeticao}</var>
<arg>${partes[1]}</arg>
<doc>Returns the given values which can then be assigned to a variables.</doc>
<status status="NOT RUN" start="2026-02-07T10:57:55.700716" elapsed="0.000000"/>
</kw>
<status status="NOT RUN" start="2026-02-07T10:57:55.698702" elapsed="0.004030"/>
</branch>
<status status="PASS" start="2026-02-07T10:57:55.693719" elapsed="0.009013"/>
</if>
<kw name="Set Variable" owner="BuiltIn">
<msg time="2026-02-07T10:57:55.704779" level="INFO">${categoria} = Alimentacao</msg>
<var>${categoria}</var>
<arg>${row['Categoria']}</arg>
<doc>Returns the given values which can then be assigned to a variables.</doc>
<status status="PASS" start="2026-02-07T10:57:55.702732" elapsed="0.002047"/>
</kw>
<kw name="preencher formulario">
<kw name="Fill Text" owner="Browser">
<msg time="2026-02-07T10:57:55.708851" level="INFO">Fills the text '04/02/2026' in the given field.</msg>
<arg>xpath=//*[@id="field_dia"]</arg>
<arg>${data}</arg>
<tag>PageContent</tag>
<tag>Setter</tag>
<doc>Clears and fills the given ``txt`` into the text field found by ``selector``.</doc>
<status status="PASS" start="2026-02-07T10:57:55.708851" elapsed="0.028303"/>
</kw>
<kw name="Wait For Elements State" owner="Browser">
<msg time="2026-02-07T10:57:55.753709" level="INFO">Waited for Element with selector xpath=//*[@id="field_valor"] at state visible</msg>
<arg>xpath=//*[@id="field_valor"]</arg>
<arg>visible</arg>
<arg>timeout=10s</arg>
<tag>PageContent</tag>
<tag>Wait</tag>
[...]
<var>${matches}</var>
<arg>${historia}</arg>
<arg>(\\d{1,2})/(\\d{1,2})</arg>
<doc>Returns a list of all non-overlapping matches in the given string.</doc>
<status status="PASS" start="2026-02-07T10:58:01.028050" elapsed="0.000000"/>
</kw>
<kw name="Get Length" owner="BuiltIn">
<msg time="2026-02-07T10:58:01.028050" level="INFO">Length is 0.</msg>
<msg time="2026-02-07T10:58:01.028050" level="INFO">${tamanho} = 0</msg>
<var>${tamanho}</var>
<arg>${matches}</arg>
<doc>Returns and logs the length of the given item as an integer.</doc>
<status status="PASS" start="2026-02-07T10:58:01.028050" elapsed="0.000000"/>
</kw>
<kw name="Strip String" owner="String">
<msg time="2026-02-07T10:58:01.028050" level="INFO">${cartao_normalizado} = Casas Bahia</msg>
<var>${cartao_normalizado}</var>
<arg>${cartao}</arg>
<doc>Remove leading and/or trailing whitespaces from the given string.</doc>
<status status="PASS" start="2026-02-07T10:58:01.028050" elapsed="0.000000"/>
</kw>
<if>
<branch type="IF" condition="'${cartao_normalizado}' == &quot;Carrefour Adriana&quot;">
<kw name="abrir relatorio carrefour adriana">
<status status="NOT RUN" start="2026-02-07T10:58:01.028050" elapsed="0.000000"/>
</kw>
<status status="NOT RUN" start="2026-02-07T10:58:01.028050" elapsed="0.000000"/>
</branch>
<branch type="ELSE IF" condition="'${cartao_normalizado}' == &quot;Elo Cetelen&quot;">
<kw name="abrir relatorio elo">
<status status="NOT RUN" start="2026-02-07T10:58:01.028050" elapsed="0.000000"/>
</kw>
<status status="NOT RUN" start="2026-02-07T10:58:01.028050" elapsed="0.000000"/>
</branch>
<branch type="ELSE IF" condition="'${cartao_normalizado}' == &quot;Mercado Pago Adriana&quot;">
<kw name="abrir relatorio mercado pago adriana">
<status status="NOT RUN" start="2026-02-07T10:58:01.028050" elapsed="0.000000"/>
</kw>
<status status="NOT RUN" start="2026-02-07T10:58:01.028050" elapsed="0.000000"/>
</branch>
<branch type="ELSE IF" condition="'${cartao_normalizado}' == &quot;Mercado Pago&quot;">
<kw name="abrir relatorio mercado pago">
<status status="NOT RUN" start="2026-02-07T10:58:01.028050" elapsed="0.000000"/>
</kw>
<status status="NOT RUN" start="2026-02-07T10:58:01.028050" elapsed="0.000000"/>
</branch>
<branch type="ELSE IF" condition="'${cartao_normalizado}' == &quot;Rener Adriana&quot;">
<kw name="abrir relatorio renner adriana">
<status status="NOT RUN" start="2026-02-07T10:58:01.028050" elapsed="0.000000"/>
</kw>
<status status="NOT RUN" start="2026-02-07T10:58:01.028050" elapsed="0.000000"/>
</branch>
<branch type="ELSE IF" condition="'${cartao_normalizado}' == &quot;Itau Card&quot;">
<kw name="abrir relatorio itau">
<status status="NOT RUN" start="2026-02-07T10:58:01.028050" elapsed="0.000000"/>
</kw>
<status status="NOT RUN" start="2026-02-07T10:58:01.028050" elapsed="0.000000"/>
</branch>
<branch type="ELSE IF" condition="'${cartao_normalizado}' == &quot;Carrefour&quot;">
<kw name="abrir relatorio carrefour">
<status status="NOT RUN" start="2026-02-07T10:58:01.028050" elapsed="0.000000"/>
</kw>
<status status="NOT RUN" start="2026-02-07T10:58:01.028050" elapsed="0.000000"/>
</branch>
<branch type="ELSE IF" condition="'${cartao_normalizado}' == &quot;Casas Bahia&quot;">
<kw name="abrir relatorio casas bahia">
<kw name="Catenate" owner="BuiltIn">
<msg time="2026-02-07T10:58:01.043784" level="INFO">${url} = http://localhost:8081/commitment/person/24351/P</msg>
<var>${url}</var>
<arg>${PAGE}commitment/person/24351/P</arg>
<doc>Catenates the given items together and returns the resulted string.</doc>
<status status="PASS" start="2026-02-07T10:58:01.042668" elapsed="0.001116"/>
</kw>
<kw name="Go To" owner="Browser">
<msg time="2026-02-07T10:58:01.149923" level="INFO">Successfully opened URL http://localhost:8081/commitment/person/24351/P</msg>
<arg>${url}</arg>
<tag>BrowserControl</tag>
<tag>Setter</tag>
<doc>Navigates to the given ``url``.</doc>
<status status="PASS" start="2026-02-07T10:58:01.043784" elapsed="0.106139"/>
</kw>
<kw name="Wait For Elements State" owner="Browser">
<msg time="2026-02-07T10:58:01.274510" level="INFO">Waited for Element with selector xpath=//*[@id="page-heading"]/span[contains(text(), "Compromissos a Pagar- cartao casa bahia ")] at state visible</msg>
<arg>xpath=//*[@id="page-heading"]/span[contains(text(), "Compromissos a Pagar- cartao casa bahia ")]</arg>
<arg>visible</arg>
<arg>timeout=20s</arg>
<tag>PageContent</tag>
<tag>Wait</tag>
<doc>Waits for the element found by ``selector`` to satisfy state option.</doc>
<status status="PASS" start="2026-02-07T10:58:01.150925" elapsed="0.123585"/>
</kw>
<status status="PASS" start="2026-02-07T10:58:01.042668" elapsed="0.233855"/>
</kw>
<status status="PASS" start="2026-02-07T10:58:01.028050" elapsed="0.248473"/>
</branch>
<branch type="ELSE IF" condition="'${cartao_normalizado}' == &quot;Nubank Adriana&quot;">
<kw name="abrir relatorio nubank adriana">
<status status="NOT RUN" start="2026-02-07T10:58:01.277084" elapsed="0.000731"/>
</kw>
<status status="NOT RUN" start="2026-02-07T10:58:01.276523" elapsed="0.001292"/>
</branch>
<status status="PASS" start="2026-02-07T10:58:01.028050" elapsed="0.249765"/>
</if>
<kw name="abrir formulario">
<kw name="Click" owner="Browser">
<msg time="2026-02-07T10:58:01.277815" level="INFO">Clicks the element 'xpath=//*[@id="jh-create-entity"]'.</msg>
<arg>xpath=//*[@id="jh-create-entity"]</arg>
<tag>PageContent</tag>
<tag>Setter</tag>
<doc>Simulates mouse click on the element found by ``selector``.</doc>
<status status="PASS" start="2026-02-07T10:58:01.277815" elapsed="0.109137"/>
</kw>
<kw name="Wait For Elements State" owner="Browser">
<msg time="2026-02-07T10:58:01.431131" level="INFO">Waited for Element with selector xpath=//*[@id="jhi-commitment-heading"][contains(text(), "Criar ou editar Compromisso")] at state visible</msg>
<arg>xpath=//*[@id="jhi-commitment-heading"][contains(text(), "Criar ou editar Compromisso")]</arg>
<arg>visible</arg>
<arg>timeout=20s</arg>
<tag>PageContent</tag>
<tag>Wait</tag>
<doc>Waits for the element found by ``selector`` to satisfy state option.</doc>
<status status="PASS" start="2026-02-07T10:58:01.387287" elapsed="0.044694"/>
</kw>
<status status="PASS" start="2026-02-07T10:58:01.277815" elapsed="0.154166"/>
</kw>
<if>
<branch type="IF" condition="${tamanho} == 0">
<kw name="Set Variable" owner="BuiltIn">
<msg time="2026-02-07T10:58:01.433995" level="INFO">${repeticao} = 0</msg>
<var>${repeticao}</var>
<arg>0</arg>
<doc>Returns the given values which can then be assigned to a variables.</doc>
<status status="PASS" start="2026-02-07T10:58:01.433995" elapsed="0.002055"/>
</kw>
<status status="PASS" start="2026-02-07T10:58:01.431981" elapsed="0.004069"/>
</branch>
<branch type="ELSE">
<kw name="Split String" owner="String">
<var>${partes}</var>
<arg>${matches[0]}</arg>
<arg>/</arg>
<doc>Splits the ``string`` using ``separator`` as a delimiter string.</doc>
<status status="NOT RUN" start="2026-02-07T10:58:01.436050" elapsed="0.000000"/>
</kw>
<kw name="Set Variable" owner="BuiltIn">
<var>${repeticao}</var>
<arg>${partes[1]}</arg>
<doc>Returns the given values which can then be assigned to a variables.</doc>
<status status="NOT RUN" start="2026-02-07T10:58:01.436050" elapsed="0.003532"/>
</kw>
<status status="NOT RUN" start="2026-02-07T10:58:01.436050" elapsed="0.003532"/>
</branch>
<status status="PASS" start="2026-02-07T10:58:01.431981" elapsed="0.007601"/>
</if>
<kw name="Set Variable" owner="BuiltIn">
<msg time="2026-02-07T10:58:01.439582" level="INFO">${categoria} = Compra de Refeições</msg>
<var>${categoria}</var>
<arg>${row['Categoria']}</arg>
<doc>Returns the given values which can then be assigned to a variables.</doc>
<status status="PASS" start="2026-02-07T10:58:01.439582" elapsed="0.000000"/>
</kw>
<kw name="preencher formulario">
<kw name="Fill Text" owner="Browser">
<msg time="2026-02-07T10:58:01.443760" level="INFO">Fills the text '02/02/2026' in the given field.</msg>
<arg>xpath=//*[@id="field_dia"]</arg>
<arg>${data}</arg>
<tag>PageContent</tag>
<tag>Setter</tag>
<doc>Clears and fills the given ``txt`` into the text field found by ``selector``.</doc>
<status status="PASS" start="2026-02-07T10:58:01.439582" elapsed="0.026405"/>
</kw>
<kw name="Wait For Elements State" owner="Browser">
<msg time="2026-02-07T10:58:01.475527" level="INFO">Waited for Element with selector xpath=//*[@id="field_valor"] at state visible</msg>
<arg>xpath=//*[@id="field_valor"]</arg>
<arg>visible</arg>
<arg>timeout=10s</arg>
<tag>PageContent</tag>
<tag>Wait</tag>
<doc>Waits for the element found by ``selector`` to satisfy state option.</doc>
<status status="PASS" start="2026-02-07T10:58:01.465987" elapsed="0.009540"/>
</kw>
<kw name="Wait For Elements State" owner="Browser">
<msg time="2026-02-07T10:58:01.493790" level="INFO">Waited for Element with selector xpath=//*[@id="field_valor"] at state editable</msg>
<arg>xpath=//*[@id="field_valor"]</arg>
<arg>editable</arg>
<tag>PageContent</tag>
<tag>Wait</tag>
<doc>Waits for the element found by ``selector`` to satisfy state option.</doc>
<status status="PASS" start="2026-02-07T10:58:01.475527" elapsed="0.018263"/>
</kw>
<kw name="Clear Text" owner="Browser">
<arg>xpath=//*[@id="field_valor"]</arg>
<tag>PageContent</tag>
<tag>Setter</tag>
<doc>Clears the text field found by ``selector``.</doc>
<status status="PASS" start="2026-02-07T10:58:01.493790" elapsed="0.018014"/>
</kw>
<kw name="Convert To String" owner="BuiltIn">
<msg time="2026-02-07T10:58:01.511804" level="INFO">${texto} = 15</msg>
<var>${texto}</var>
<arg>${valor}</arg>
<doc>Converts the given item to a Unicode string.</doc>
<status status="PASS" start="2026-02-07T10:58:01.511804" elapsed="0.000000"/>
</kw>
<kw name="Replace String" owner="String">
<msg time="2026-02-07T10:58:01.511804" level="INFO">${novo_valor} = 15</msg>
<var>${novo_valor}</var>
<arg>${texto}</arg>
<arg>.</arg>
<arg>,</arg>
<doc>Replaces ``search_for`` in the given ``string`` with ``replace_with``.</doc>
<status status="PASS" start="2026-02-07T10:58:01.511804" elapsed="0.000000"/>
</kw>
<kw name="Fill Text" owner="Browser">
<msg time="2026-02-07T10:58:01.511804" level="INFO">Fills the text '15' in the given field.</msg>
<arg>xpath=//*[@id="field_valor"]</arg>
<arg>${texto}</arg>
<tag>PageContent</tag>
<tag>Setter</tag>
<doc>Clears and fills the given ``txt`` into the text field found by ``selector``.</doc>
<status status="PASS" start="2026-02-07T10:58:01.511804" elapsed="0.038261"/>
</kw>
<kw name="Press Keys" owner="Browser">
<arg>xpath=//*[@id="field_valor"]</arg>
<arg>Tab</arg>
<tag>PageContent</tag>
<tag>Setter</tag>
<doc>Types the given key combination into element found by ``selector``.</doc>
<status status="PASS" start="2026-02-07T10:58:01.550065" elapsed="0.026570"/>
</kw>
<kw name="Focus" owner="Browser">
<arg>xpath=//*[@id="field_valor"]</arg>
<tag>PageContent</tag>
<tag>Setter</tag>
<doc>Moves focus on to the element found by ``selector``.</doc>
<status status="PASS" start="2026-02-07T10:58:01.576635" elapsed="0.000000"/>
</kw>
<kw name="Fill Text" owner="Browser">
<msg time="2026-02-07T10:58:01.592448" level="INFO">Fills the text 'LojaPostoViaMare MA' in the given field.</msg>
<arg>xpath=//*[@id="field_historia"]</arg>
<arg>${historia}</arg>
<tag>PageContent</tag>
<tag>Setter</tag>
<doc>Clears and fills the given ``txt`` into the text field found by ``selector``.</doc>
<status status="PASS" start="2026-02-07T10:58:01.576635" elapsed="0.035442"/>
</kw>
<kw name="Fill Text" owner="Browser">
<msg time="2026-02-07T10:58:01.614331" level="INFO">Fills the text '0' in the given field.</msg>
<arg>xpath=//*[@id="field_nrepeat"]</arg>
<arg>${repeticao}</arg>
<tag>PageContent</tag>
<tag>Setter</tag>
<doc>Clears and fills the given ``txt`` into the text field found by ``selector``.</doc>
<status status="PASS" start="2026-02-07T10:58:01.612077" elapsed="0.019905"/>
</kw>
<kw name="Wait For Elements State" owner="Browser">
<msg time="2026-02-07T10:58:01.643685" level="INFO">Waited for Element with selector xpath=//*[@id="field_natureplan"] at state attached</msg>
<arg>${XPATH_INPUT_CATEGORIA}</arg>
<arg>attached</arg>
<tag>PageContent</tag>
<tag>Wait</tag>
<doc>Waits for the element found by ``selector`` to satisfy state option.</doc>
<status status="PASS" start="2026-02-07T10:58:01.631982" elapsed="0.011703"/>
</kw>
<kw name="Wait For Elements State" owner="Browser">
<msg time="2026-02-07T10:58:01.643685" level="INFO">Waited for Element with selector xpath=//*[@id="field_natureplan"] at state visible</msg>
<arg>${XPATH_INPUT_CATEGORIA}</arg>
<arg>visible</arg>
<tag>PageContent</tag>
<tag>Wait</tag>
<doc>Waits for the element found by ``selector`` to satisfy state option.</doc>
<status status="PASS" start="2026-02-07T10:58:01.643685" elapsed="0.000000"/>
</kw>
<kw name="Wait For Elements State" owner="Browser">
<msg time="2026-02-07T10:58:01.659342" level="INFO">Waited for Element with selector xpath=//*[@id="field_natureplan"] at state enabled</msg>
<arg>${XPATH_INPUT_CATEGORIA}</arg>
<arg>enabled</arg>
<tag>PageContent</tag>
<tag>Wait</tag>
<doc>Waits for the element found by ``selector`` to satisfy state option.</doc>
<status status="PASS" start="2026-02-07T10:58:01.643685" elapsed="0.015657"/>
</kw>
<kw name="Select Options By" owner="Browser">
<msg time="2026-02-07T10:58:01.659342" level="INFO">Selects the option(s) Compra de Refeições by attribute SelectAttribute.label from element xpath=//*[@id="field_natureplan"].</msg>
<arg>${XPATH_INPUT_CATEGORIA}</arg>
<arg>Label</arg>
<arg>${categoria}</arg>
<tag>PageContent</tag>
<tag>Setter</tag>
<doc>Selects options from select element found by ``selector``.</doc>
<status status="PASS" start="2026-02-07T10:58:01.659342" elapsed="0.019648"/>
</kw>
<kw name="Strip String" owner="String">
<msg time="2026-02-07T10:58:01.678990" level="INFO">${cartao_normalizado} = Casas Bahia</msg>
<var>${cartao_normalizado}</var>
<arg>${cartao}</arg>
<doc>Remove leading and/or trailing whitespaces from the given string.</doc>
<status status="PASS" start="2026-02-07T10:58:01.678990" elapsed="0.000000"/>
</kw>
<kw name="Click" owner="Browser">
<msg time="2026-02-07T10:58:01.678990" level="INFO">Clicks the element 'xpath=//*[@id="save-entity"]'.</msg>
<arg>xpath=//*[@id="save-entity"]</arg>
<tag>PageContent</tag>
<tag>Setter</tag>
<doc>Simulates mouse click on the element found by ``selector``.</doc>
<status status="PASS" start="2026-02-07T10:58:01.678990" elapsed="0.085226"/>
</kw>
<if>
<branch type="IF" condition="'${cartao_normalizado}' == &quot;Carrefour Adriana&quot;">
<kw name="espera relatorio carrefour adriana">
<status status="NOT RUN" start="2026-02-07T10:58:01.764216" elapsed="0.000000"/>
</kw>
<status status="NOT RUN" start="2026-02-07T10:58:01.764216" elapsed="0.000000"/>
</branch>
<branch type="ELSE IF" condition="'${cartao_normalizado}' == &quot;Elo Cetelen&quot;">
<kw name="espera relatorio elo">
<status status="NOT RUN" start="2026-02-07T10:58:01.764216" elapsed="0.000000"/>
</kw>
<status status="NOT RUN" start="2026-02-07T10:58:01.764216" elapsed="0.000000"/>
</branch>
<branch type="ELSE IF" condition="'${cartao_normalizado}' == &quot;Mercado Pago Adriana&quot;">
<kw name="espera relatorio mercado pago adriana">
<status status="NOT RUN" start="2026-02-07T10:58:01.764216" elapsed="0.000000"/>
</kw>
<status status="NOT RUN" start="2026-02-07T10:58:01.764216" elapsed="0.000000"/>
</branch>
<branch type="ELSE IF" condition="'${cartao_normalizado}' == &quot;Mercado Pago&quot;">
<kw name="espera relatorio mercado pago">
<status status="NOT RUN" start="2026-02-07T10:58:01.764216" elapsed="0.000000"/>
</kw>
<status status="NOT RUN" start="2026-02-07T10:58:01.764216" elapsed="0.000000"/>
</branch>
<branch type="ELSE IF" condition="'${cartao_normalizado}' == &quot;Rener Adriana&quot;">
<kw name="espera relatorio renner adriana">
<status status="NOT RUN" start="2026-02-07T10:58:01.764216" elapsed="0.000000"/>
</kw>
<status status="NOT RUN" start="2026-02-07T10:58:01.764216" elapsed="0.000000"/>
</branch>
<branch type="ELSE IF" condition="'${cartao_normalizado}' == &quot;Itau Card&quot;">
<kw name="espera relatorio itau">
<status status="NOT RUN" start="2026-02-07T10:58:01.776945" elapsed="0.000000"/>
</kw>
<status status="NOT RUN" start="2026-02-07T10:58:01.764216" elapsed="0.012729"/>
</branch>
<branch type="ELSE IF" condition="'${cartao_normalizado}' == &quot;Carrefour&quot;">
<kw name="espera relatorio carrefour">
<status status="NOT RUN" start="2026-02-07T10:58:01.779238" elapsed="0.000000"/>
</kw>
<status status="NOT RUN" start="2026-02-07T10:58:01.776945" elapsed="0.004312"/>
</branch>
<branch type="ELSE IF" condition="'${cartao_normalizado}' == &quot;Casas Bahia&quot;">
<kw name="espera relatorio casa bahia">
<kw name="Wait For Elements State" owner="Browser">
<msg time="2026-02-07T10:58:01.845293" level="INFO">Waited for Element with selector xpath=//*[@id="page-heading"]/span[contains(text(), "Compromissos a Pagar- cartao casa bahia ")] at state visible</msg>
<arg>xpath=//*[@id="page-heading"]/span[contains(text(), "Compromissos a Pagar- cartao casa bahia ")]</arg>
<arg>visible</arg>
<arg>timeout=20s</arg>
<tag>PageContent</tag>
<tag>Wait</tag>
<doc>Waits for the element found by ``selector`` to satisfy state option.</doc>
<status status="PASS" start="2026-02-07T10:58:01.781257" elapsed="0.064036"/>
</kw>
<status status="PASS" start="2026-02-07T10:58:01.781257" elapsed="0.065033"/>
</kw>
<status status="PASS" start="2026-02-07T10:58:01.781257" elapsed="0.065033"/>
</branch>
<branch type="ELSE IF" condition="'${cartao_normalizado}' == &quot;Nubank Adriana&quot;">
<kw name="espera relatorio nubank adriana">
<status status="NOT RUN" start="2026-02-07T10:58:01.847291" elapsed="0.000000"/>
</kw>
<status status="NOT RUN" start="2026-02-07T10:58:01.846290" elapsed="0.001001"/>
</branch>
<status status="PASS" start="2026-02-07T10:58:01.764216" elapsed="0.083075"/>
</if>
<arg>${data}</arg>
<arg>${valor}</arg>
<arg>${historia}</arg>
<arg>${repeticao}</arg>
<arg>${categoria}</arg>
<arg>${cartao}</arg>
<status status="PASS" start="2026-02-07T10:58:01.439582" elapsed="0.407709"/>
</kw>
<var name="${row}">{'Data': '02/02/2026', 'Descrição': 'LojaPostoViaMare MA', 'Valor': 15, 'Categoria': 'Compra de Refeições', 'Cartão': 'Casas Bahia ', 'CategoriaId': None}</var>
<status status="PASS" start="2026-02-07T10:58:01.023466" elapsed="0.824883"/>
</iter>
<var>${row}</var>
<value>@{dados}</value>
<status status="PASS" start="2026-02-07T10:57:51.629888" elapsed="10.218461"/>
</for>
<arg>${EXCEL}</arg>
<arg>${SHEET}</arg>
<status status="PASS" start="2026-02-07T10:57:51.410862" elapsed="10.437487"/>
</kw>
<kw name="Take Screenshot" owner="Browser">
<msg time="2026-02-07T10:58:02.140365" level="INFO" html="true">&lt;/td&gt;&lt;/tr&gt;&lt;tr&gt;&lt;td colspan="3"&gt;&lt;a href="browser/screenshot/robotframework-browser-screenshot-1.png" target="_blank"&gt;&lt;img src="browser/screenshot/robotframework-browser-screenshot-1.png" width="800px"/&gt;&lt;/a&gt;</msg>
<tag>PageContent</tag>
<doc>Takes a screenshot of the current window or element and saves it to disk.</doc>
<status status="PASS" start="2026-02-07T10:58:01.849285" elapsed="0.291080"/>
</kw>
<kw name="Close Browser" owner="Browser">
<msg time="2026-02-07T10:58:02.627714" level="INFO">Closed browser</msg>
<tag>BrowserControl</tag>
<tag>Setter</tag>
<doc>Closes the current browser.</doc>
<status status="PASS" start="2026-02-07T10:58:02.140365" elapsed="0.487349"/>
</kw>
<doc>Este teste abre o site oficial do Robot Framework.</doc>
<status status="PASS" start="2026-02-07T10:57:27.313571" elapsed="35.316157"/>
</test>
<status status="PASS" start="2026-02-07T10:57:25.628971" elapsed="37.004783"/>
</suite>
<statistics>
<total>
<stat pass="1" fail="0" skip="0">All Tests</stat>
</total>
<tag>
</tag>
<suite>
<stat name="Inserir Cartao" id="s1" pass="1" fail="0" skip="0">Inserir Cartao</stat>
</suite>
</statistics>
<errors>
</errors>
</robot>
